::1 - - [08/Feb/2022:08:31:38 -0400] "GET / HTTP/1.1" 200 744 "-" "Mozilla/5.0 (X11; Linux x86_64) AppleWebKit/537.36 (KHTML, like Gecko) Chrome/97.0.4692.99 Safari/537.36"
::1 - - [08/Feb/2022:08:31:38 -0400] "GET /favicon.ico HTTP/1.1" 404 487 "http://localhost/" "Mozilla/5.0 (X11; Linux x86_64) AppleWebKit/537.36 (KHTML, like Gecko) Chrome/97.0.4692.99 Safari/537.36"
::1 - - [08/Feb/2022:08:31:46 -0400] "GET /Projet_PPE_WEB-main/ HTTP/1.1" 200 370 "http://localhost/" "Mozilla/5.0 (X11; Linux x86_64) AppleWebKit/537.36 (KHTML, like Gecko) Chrome/97.0.4692.99 Safari/537.36"
::1 - - [08/Feb/2022:08:31:46 -0400] "GET /Projet_PPE_WEB-main/view/login HTTP/1.1" 404 487 "http://localhost/Projet_PPE_WEB-main/" "Mozilla/5.0 (X11; Linux x86_64) AppleWebKit/537.36 (KHTML, like Gecko) Chrome/97.0.4692.99 Safari/537.36"
::1 - - [08/Feb/2022:08:32:37 -0400] "-" 408 0 "-" "-"
::1 - - [08/Feb/2022:08:33:36 -0400] "GET /Projet_PPE_WEB-main HTTP/1.1" 301 594 "-" "Mozilla/5.0 (X11; Linux x86_64) AppleWebKit/537.36 (KHTML, like Gecko) Chrome/97.0.4692.99 Safari/537.36"
::1 - - [08/Feb/2022:08:33:36 -0400] "GET /Projet_PPE_WEB-main/ HTTP/1.1" 200 369 "-" "Mozilla/5.0 (X11; Linux x86_64) AppleWebKit/537.36 (KHTML, like Gecko) Chrome/97.0.4692.99 Safari/537.36"
::1 - - [08/Feb/2022:08:33:36 -0400] "GET /Projet_PPE_WEB-main/view/login HTTP/1.1" 404 487 "http://localhost/Projet_PPE_WEB-main/" "Mozilla/5.0 (X11; Linux x86_64) AppleWebKit/537.36 (KHTML, like Gecko) Chrome/97.0.4692.99 Safari/537.36"
::1 - - [08/Feb/2022:08:34:27 -0400] "-" 408 0 "-" "-"
::1 - - [08/Feb/2022:08:49:48 -0400] "GET /Projet_PPE_WEB-main/view/login HTTP/1.1" 404 488 "http://localhost/Projet_PPE_WEB-main/" "Mozilla/5.0 (X11; Linux x86_64) AppleWebKit/537.36 (KHTML, like Gecko) Chrome/97.0.4692.99 Safari/537.36"
::1 - - [08/Feb/2022:08:50:40 -0400] "-" 408 0 "-" "-"
::1 - - [08/Feb/2022:08:52:17 -0400] "GET /Projet_PPE_WEB-main/view/login HTTP/1.1" 404 488 "http://localhost/Projet_PPE_WEB-main/" "Mozilla/5.0 (X11; Linux x86_64) AppleWebKit/537.36 (KHTML, like Gecko) Chrome/97.0.4692.99 Safari/537.36"
::1 - - [08/Feb/2022:08:53:09 -0400] "-" 408 0 "-" "-"
::1 - - [08/Feb/2022:09:00:58 -0400] "GET /Projet_PPE_WEB-main/view/login HTTP/1.1" 404 488 "http://localhost/Projet_PPE_WEB-main/" "Mozilla/5.0 (X11; Linux x86_64) AppleWebKit/537.36 (KHTML, like Gecko) Chrome/97.0.4692.99 Safari/537.36"
::1 - - [08/Feb/2022:09:00:59 -0400] "GET /Projet_PPE_WEB-main/view/login HTTP/1.1" 404 487 "http://localhost/Projet_PPE_WEB-main/" "Mozilla/5.0 (X11; Linux x86_64) AppleWebKit/537.36 (KHTML, like Gecko) Chrome/97.0.4692.99 Safari/537.36"
::1 - - [08/Feb/2022:09:01:17 -0400] "GET /Projet_PPE_WEB-main/view/login HTTP/1.1" 404 488 "http://localhost/Projet_PPE_WEB-main/" "Mozilla/5.0 (X11; Linux x86_64) AppleWebKit/537.36 (KHTML, like Gecko) Chrome/97.0.4692.99 Safari/537.36"
::1 - - [08/Feb/2022:09:01:21 -0400] "GET /Projet_PPE_WEB-main/ HTTP/1.1" 200 369 "-" "Mozilla/5.0 (X11; Linux x86_64) AppleWebKit/537.36 (KHTML, like Gecko) Chrome/97.0.4692.99 Safari/537.36"
::1 - - [08/Feb/2022:09:01:21 -0400] "GET /Projet_PPE_WEB-main/view/login HTTP/1.1" 404 487 "http://localhost/Projet_PPE_WEB-main/" "Mozilla/5.0 (X11; Linux x86_64) AppleWebKit/537.36 (KHTML, like Gecko) Chrome/97.0.4692.99 Safari/537.36"
::1 - - [08/Feb/2022:09:02:09 -0400] "-" 408 0 "-" "-"
::1 - - [08/Feb/2022:09:07:35 -0400] "GET / HTTP/1.1" 200 744 "-" "Mozilla/5.0 (X11; Linux x86_64) AppleWebKit/537.36 (KHTML, like Gecko) Chrome/97.0.4692.99 Safari/537.36"
::1 - - [08/Feb/2022:09:07:35 -0400] "GET /favicon.ico HTTP/1.1" 404 487 "http://localhost/" "Mozilla/5.0 (X11; Linux x86_64) AppleWebKit/537.36 (KHTML, like Gecko) Chrome/97.0.4692.99 Safari/537.36"
::1 - - [08/Feb/2022:09:07:40 -0400] "GET /?C=N;O=D HTTP/1.1" 200 743 "http://localhost/" "Mozilla/5.0 (X11; Linux x86_64) AppleWebKit/537.36 (KHTML, like Gecko) Chrome/97.0.4692.99 Safari/537.36"
::1 - - [08/Feb/2022:09:07:49 -0400] "GET /public HTTP/1.1" 404 488 "-" "Mozilla/5.0 (X11; Linux x86_64) AppleWebKit/537.36 (KHTML, like Gecko) Chrome/97.0.4692.99 Safari/537.36"
::1 - - [08/Feb/2022:09:08:01 -0400] "GET /private HTTP/1.1" 404 488 "-" "Mozilla/5.0 (X11; Linux x86_64) AppleWebKit/537.36 (KHTML, like Gecko) Chrome/97.0.4692.99 Safari/537.36"
::1 - - [08/Feb/2022:09:08:04 -0400] "GET /private HTTP/1.1" 404 487 "-" "Mozilla/5.0 (X11; Linux x86_64) AppleWebKit/537.36 (KHTML, like Gecko) Chrome/97.0.4692.99 Safari/537.36"
::1 - - [08/Feb/2022:09:08:07 -0400] "GET /private HTTP/1.1" 404 487 "-" "Mozilla/5.0 (X11; Linux x86_64) AppleWebKit/537.36 (KHTML, like Gecko) Chrome/97.0.4692.99 Safari/537.36"
::1 - - [08/Feb/2022:09:08:09 -0400] "GET /Projet_PPE_WEB-main/ HTTP/1.1" 200 369 "http://localhost/?C=N;O=D" "Mozilla/5.0 (X11; Linux x86_64) AppleWebKit/537.36 (KHTML, like Gecko) Chrome/97.0.4692.99 Safari/537.36"
::1 - - [08/Feb/2022:09:08:09 -0400] "GET /Projet_PPE_WEB-main/view/login HTTP/1.1" 404 487 "http://localhost/Projet_PPE_WEB-main/" "Mozilla/5.0 (X11; Linux x86_64) AppleWebKit/537.36 (KHTML, like Gecko) Chrome/97.0.4692.99 Safari/537.36"
::1 - - [08/Feb/2022:09:08:16 -0400] "GET /Projet_PPE_WEB-main/ HTTP/1.1" 200 370 "http://localhost/?C=N;O=D" "Mozilla/5.0 (X11; Linux x86_64) AppleWebKit/537.36 (KHTML, like Gecko) Chrome/97.0.4692.99 Safari/537.36"
::1 - - [08/Feb/2022:09:08:16 -0400] "GET /Projet_PPE_WEB-main/view/login HTTP/1.1" 404 487 "http://localhost/Projet_PPE_WEB-main/" "Mozilla/5.0 (X11; Linux x86_64) AppleWebKit/537.36 (KHTML, like Gecko) Chrome/97.0.4692.99 Safari/537.36"
::1 - - [08/Feb/2022:09:09:07 -0400] "-" 408 0 "-" "-"
::1 - - [08/Feb/2022:09:11:26 -0400] "GET /Projet_PPE_WEB-main/view/login HTTP/1.1" 404 488 "http://localhost/Projet_PPE_WEB-main/" "Mozilla/5.0 (X11; Linux x86_64) AppleWebKit/537.36 (KHTML, like Gecko) Chrome/97.0.4692.99 Safari/537.36"
::1 - - [08/Feb/2022:09:11:27 -0400] "GET /Projet_PPE_WEB-main/view/login HTTP/1.1" 404 487 "http://localhost/Projet_PPE_WEB-main/" "Mozilla/5.0 (X11; Linux x86_64) AppleWebKit/537.36 (KHTML, like Gecko) Chrome/97.0.4692.99 Safari/537.36"
::1 - - [08/Feb/2022:09:11:48 -0400] "GET /Projet_PPE_WEB-main/view/login HTTP/1.1" 404 488 "http://localhost/Projet_PPE_WEB-main/" "Mozilla/5.0 (X11; Linux x86_64) AppleWebKit/537.36 (KHTML, like Gecko) Chrome/97.0.4692.99 Safari/537.36"
::1 - - [08/Feb/2022:09:11:49 -0400] "GET /Projet_PPE_WEB-main/view/login HTTP/1.1" 404 487 "http://localhost/Projet_PPE_WEB-main/" "Mozilla/5.0 (X11; Linux x86_64) AppleWebKit/537.36 (KHTML, like Gecko) Chrome/97.0.4692.99 Safari/537.36"
::1 - - [08/Feb/2022:09:11:53 -0400] "GET /Projet_PPE_WEB-main/ HTTP/1.1" 200 369 "-" "Mozilla/5.0 (X11; Linux x86_64) AppleWebKit/537.36 (KHTML, like Gecko) Chrome/97.0.4692.99 Safari/537.36"
::1 - - [08/Feb/2022:09:11:53 -0400] "GET /Projet_PPE_WEB-main/view/login HTTP/1.1" 404 487 "http://localhost/Projet_PPE_WEB-main/" "Mozilla/5.0 (X11; Linux x86_64) AppleWebKit/537.36 (KHTML, like Gecko) Chrome/97.0.4692.99 Safari/537.36"
::1 - - [08/Feb/2022:09:12:39 -0400] "-" 408 0 "-" "-"
::1 - - [08/Feb/2022:09:12:46 -0400] "GET /Projet_PPE_WEB-main/view/login HTTP/1.1" 404 488 "http://localhost/Projet_PPE_WEB-main/" "Mozilla/5.0 (X11; Linux x86_64) AppleWebKit/537.36 (KHTML, like Gecko) Chrome/97.0.4692.99 Safari/537.36"
::1 - - [08/Feb/2022:09:12:47 -0400] "GET /Projet_PPE_WEB-main/view/login HTTP/1.1" 404 487 "http://localhost/Projet_PPE_WEB-main/" "Mozilla/5.0 (X11; Linux x86_64) AppleWebKit/537.36 (KHTML, like Gecko) Chrome/97.0.4692.99 Safari/537.36"
::1 - - [08/Feb/2022:09:12:47 -0400] "GET /Projet_PPE_WEB-main/view/login HTTP/1.1" 404 487 "http://localhost/Projet_PPE_WEB-main/" "Mozilla/5.0 (X11; Linux x86_64) AppleWebKit/537.36 (KHTML, like Gecko) Chrome/97.0.4692.99 Safari/537.36"
::1 - - [08/Feb/2022:09:12:51 -0400] "GET /Projet_PPE_WEB-main HTTP/1.1" 301 593 "-" "Mozilla/5.0 (X11; Linux x86_64) AppleWebKit/537.36 (KHTML, like Gecko) Chrome/97.0.4692.99 Safari/537.36"
::1 - - [08/Feb/2022:09:12:51 -0400] "GET /Projet_PPE_WEB-main/ HTTP/1.1" 200 369 "-" "Mozilla/5.0 (X11; Linux x86_64) AppleWebKit/537.36 (KHTML, like Gecko) Chrome/97.0.4692.99 Safari/537.36"
::1 - - [08/Feb/2022:09:12:51 -0400] "GET /Projet_PPE_WEB-main/view/login HTTP/1.1" 404 487 "http://localhost/Projet_PPE_WEB-main/" "Mozilla/5.0 (X11; Linux x86_64) AppleWebKit/537.36 (KHTML, like Gecko) Chrome/97.0.4692.99 Safari/537.36"
::1 - - [08/Feb/2022:09:13:10 -0400] "GET /Projet_PPE_WEB-main/view/login HTTP/1.1" 404 488 "http://localhost/Projet_PPE_WEB-main/" "Mozilla/5.0 (X11; Linux x86_64) AppleWebKit/537.36 (KHTML, like Gecko) Chrome/97.0.4692.99 Safari/537.36"
::1 - - [08/Feb/2022:09:13:11 -0400] "GET /Projet_PPE_WEB-main/view/login HTTP/1.1" 404 487 "http://localhost/Projet_PPE_WEB-main/" "Mozilla/5.0 (X11; Linux x86_64) AppleWebKit/537.36 (KHTML, like Gecko) Chrome/97.0.4692.99 Safari/537.36"
::1 - - [08/Feb/2022:09:13:11 -0400] "GET /Projet_PPE_WEB-main/view/login HTTP/1.1" 404 487 "http://localhost/Projet_PPE_WEB-main/" "Mozilla/5.0 (X11; Linux x86_64) AppleWebKit/537.36 (KHTML, like Gecko) Chrome/97.0.4692.99 Safari/537.36"
::1 - - [08/Feb/2022:09:13:21 -0400] "GET /Projet_PPE_WEB-main/ HTTP/1.1" 200 370 "-" "Mozilla/5.0 (X11; Linux x86_64) AppleWebKit/537.36 (KHTML, like Gecko) Chrome/97.0.4692.99 Safari/537.36"
::1 - - [08/Feb/2022:09:13:21 -0400] "GET /Projet_PPE_WEB-main/view/login HTTP/1.1" 404 487 "http://localhost/Projet_PPE_WEB-main/" "Mozilla/5.0 (X11; Linux x86_64) AppleWebKit/537.36 (KHTML, like Gecko) Chrome/97.0.4692.99 Safari/537.36"
::1 - - [08/Feb/2022:09:14:12 -0400] "-" 408 0 "-" "-"
::1 - - [08/Feb/2022:09:14:12 -0400] "GET /Projet_PPE_WEB-main/view/login HTTP/1.1" 404 488 "http://localhost/Projet_PPE_WEB-main/" "Mozilla/5.0 (X11; Linux x86_64) AppleWebKit/537.36 (KHTML, like Gecko) Chrome/97.0.4692.99 Safari/537.36"
::1 - - [08/Feb/2022:09:15:04 -0400] "-" 408 0 "-" "-"
::1 - - [08/Feb/2022:09:15:43 -0400] "GET / HTTP/1.1" 200 744 "-" "Mozilla/5.0 (X11; Linux x86_64) AppleWebKit/537.36 (KHTML, like Gecko) Chrome/97.0.4692.99 Safari/537.36"
::1 - - [08/Feb/2022:09:15:46 -0400] "GET /?C=N;O=D HTTP/1.1" 200 742 "http://localhost/" "Mozilla/5.0 (X11; Linux x86_64) AppleWebKit/537.36 (KHTML, like Gecko) Chrome/97.0.4692.99 Safari/537.36"
::1 - - [08/Feb/2022:09:15:47 -0400] "GET /?C=N;O=A HTTP/1.1" 200 743 "http://localhost/?C=N;O=D" "Mozilla/5.0 (X11; Linux x86_64) AppleWebKit/537.36 (KHTML, like Gecko) Chrome/97.0.4692.99 Safari/537.36"
::1 - - [08/Feb/2022:09:15:53 -0400] "GET / HTTP/1.1" 200 744 "-" "Mozilla/5.0 (X11; Linux x86_64) AppleWebKit/537.36 (KHTML, like Gecko) Chrome/97.0.4692.99 Safari/537.36"
::1 - - [08/Feb/2022:09:16:00 -0400] "GET /? HTTP/1.1" 200 744 "-" "Mozilla/5.0 (X11; Linux x86_64) AppleWebKit/537.36 (KHTML, like Gecko) Chrome/97.0.4692.99 Safari/537.36"
::1 - - [08/Feb/2022:09:16:02 -0400] "GET /Projet_PPE_WEB-main/ HTTP/1.1" 200 369 "http://localhost/?" "Mozilla/5.0 (X11; Linux x86_64) AppleWebKit/537.36 (KHTML, like Gecko) Chrome/97.0.4692.99 Safari/537.36"
::1 - - [08/Feb/2022:09:16:02 -0400] "GET /Projet_PPE_WEB-main/view/login HTTP/1.1" 404 487 "http://localhost/Projet_PPE_WEB-main/" "Mozilla/5.0 (X11; Linux x86_64) AppleWebKit/537.36 (KHTML, like Gecko) Chrome/97.0.4692.99 Safari/537.36"
::1 - - [08/Feb/2022:09:16:50 -0400] "GET /? HTTP/1.1" 200 755 "-" "Mozilla/5.0 (X11; Linux x86_64) AppleWebKit/537.36 (KHTML, like Gecko) Chrome/97.0.4692.99 Safari/537.36"
::1 - - [08/Feb/2022:09:16:54 -0400] "GET /Projet_PPE_WEB-main-draft/ HTTP/1.1" 200 369 "http://localhost/?" "Mozilla/5.0 (X11; Linux x86_64) AppleWebKit/537.36 (KHTML, like Gecko) Chrome/97.0.4692.99 Safari/537.36"
::1 - - [08/Feb/2022:09:16:54 -0400] "GET /Projet_PPE_WEB-main-draft/view/login HTTP/1.1" 404 487 "http://localhost/Projet_PPE_WEB-main-draft/" "Mozilla/5.0 (X11; Linux x86_64) AppleWebKit/537.36 (KHTML, like Gecko) Chrome/97.0.4692.99 Safari/537.36"
::1 - - [08/Feb/2022:09:16:58 -0400] "GET /Projet_PPE_WEB-main-draft/ HTTP/1.1" 200 369 "http://localhost/?" "Mozilla/5.0 (X11; Linux x86_64) AppleWebKit/537.36 (KHTML, like Gecko) Chrome/97.0.4692.99 Safari/537.36"
::1 - - [08/Feb/2022:09:16:58 -0400] "GET /Projet_PPE_WEB-main-draft/view/login HTTP/1.1" 404 487 "http://localhost/Projet_PPE_WEB-main-draft/" "Mozilla/5.0 (X11; Linux x86_64) AppleWebKit/537.36 (KHTML, like Gecko) Chrome/97.0.4692.99 Safari/537.36"
::1 - - [08/Feb/2022:09:17:18 -0400] "GET /Projet_PPE_WEB-main-draft/view/login HTTP/1.1" 404 488 "http://localhost/Projet_PPE_WEB-main-draft/" "Mozilla/5.0 (X11; Linux x86_64) AppleWebKit/537.36 (KHTML, like Gecko) Chrome/97.0.4692.99 Safari/537.36"
::1 - - [08/Feb/2022:09:17:18 -0400] "GET /Projet_PPE_WEB-main-draft/view/login HTTP/1.1" 404 487 "http://localhost/Projet_PPE_WEB-main-draft/" "Mozilla/5.0 (X11; Linux x86_64) AppleWebKit/537.36 (KHTML, like Gecko) Chrome/97.0.4692.99 Safari/537.36"
::1 - - [08/Feb/2022:09:17:21 -0400] "GET /Projet_PPE_WEB-main-draft/ HTTP/1.1" 200 458 "http://localhost/?" "Mozilla/5.0 (X11; Linux x86_64) AppleWebKit/537.36 (KHTML, like Gecko) Chrome/97.0.4692.99 Safari/537.36"
::1 - - [08/Feb/2022:09:18:01 -0400] "GET /Projet_PPE_WEB-main-draft/ HTTP/1.1" 200 484 "http://localhost/?" "Mozilla/5.0 (X11; Linux x86_64) AppleWebKit/537.36 (KHTML, like Gecko) Chrome/97.0.4692.99 Safari/537.36"
::1 - - [08/Feb/2022:09:18:01 -0400] "GET /Projet_PPE_WEB-main-draft/view/login HTTP/1.1" 404 487 "http://localhost/Projet_PPE_WEB-main-draft/" "Mozilla/5.0 (X11; Linux x86_64) AppleWebKit/537.36 (KHTML, like Gecko) Chrome/97.0.4692.99 Safari/537.36"
::1 - - [08/Feb/2022:09:18:06 -0400] "GET /Projet_PPE_WEB-main/ HTTP/1.1" 200 370 "http://localhost/?" "Mozilla/5.0 (X11; Linux x86_64) AppleWebKit/537.36 (KHTML, like Gecko) Chrome/97.0.4692.99 Safari/537.36"
::1 - - [08/Feb/2022:09:18:07 -0400] "GET /Projet_PPE_WEB-main/view/login HTTP/1.1" 404 487 "http://localhost/Projet_PPE_WEB-main/" "Mozilla/5.0 (X11; Linux x86_64) AppleWebKit/537.36 (KHTML, like Gecko) Chrome/97.0.4692.99 Safari/537.36"
::1 - - [08/Feb/2022:09:18:12 -0400] "GET /Projet_PPE_WEB-main/ HTTP/1.1" 200 369 "http://localhost/?" "Mozilla/5.0 (X11; Linux x86_64) AppleWebKit/537.36 (KHTML, like Gecko) Chrome/97.0.4692.99 Safari/537.36"
::1 - - [08/Feb/2022:09:18:12 -0400] "GET /Projet_PPE_WEB-main/view/login HTTP/1.1" 404 487 "http://localhost/Projet_PPE_WEB-main/" "Mozilla/5.0 (X11; Linux x86_64) AppleWebKit/537.36 (KHTML, like Gecko) Chrome/97.0.4692.99 Safari/537.36"
::1 - - [08/Feb/2022:09:18:58 -0400] "-" 408 0 "-" "-"
::1 - - [08/Feb/2022:09:20:16 -0400] "GET /Projet_PPE_WEB-main/view/login HTTP/1.1" 404 488 "http://localhost/Projet_PPE_WEB-main/" "Mozilla/5.0 (X11; Linux x86_64) AppleWebKit/537.36 (KHTML, like Gecko) Chrome/97.0.4692.99 Safari/537.36"
::1 - - [08/Feb/2022:09:20:19 -0400] "GET /Projet_PPE_WEB-main/ HTTP/1.1" 200 372 "http://localhost/?" "Mozilla/5.0 (X11; Linux x86_64) AppleWebKit/537.36 (KHTML, like Gecko) Chrome/97.0.4692.99 Safari/537.36"
::1 - - [08/Feb/2022:09:20:19 -0400] "GET /Projet_PPE_WEB-main/view/login HTTP/1.1" 404 487 "http://localhost/Projet_PPE_WEB-main/" "Mozilla/5.0 (X11; Linux x86_64) AppleWebKit/537.36 (KHTML, like Gecko) Chrome/97.0.4692.99 Safari/537.36"
::1 - - [08/Feb/2022:09:20:33 -0400] "GET /Projet_PPE_WEB-main/ HTTP/1.1" 200 373 "http://localhost/?" "Mozilla/5.0 (X11; Linux x86_64) AppleWebKit/537.36 (KHTML, like Gecko) Chrome/97.0.4692.99 Safari/537.36"
::1 - - [08/Feb/2022:09:20:33 -0400] "GET /Projet_PPE_WEB-main/view/login HTTP/1.1" 404 487 "http://localhost/Projet_PPE_WEB-main/" "Mozilla/5.0 (X11; Linux x86_64) AppleWebKit/537.36 (KHTML, like Gecko) Chrome/97.0.4692.99 Safari/537.36"
::1 - - [08/Feb/2022:09:20:57 -0400] "GET /Projet_PPE_WEB-main/view/login HTTP/1.1" 404 488 "http://localhost/Projet_PPE_WEB-main/" "Mozilla/5.0 (X11; Linux x86_64) AppleWebKit/537.36 (KHTML, like Gecko) Chrome/97.0.4692.99 Safari/537.36"
::1 - - [08/Feb/2022:09:21:00 -0400] "GET /Projet_PPE_WEB-main/ HTTP/1.1" 500 185 "http://localhost/?" "Mozilla/5.0 (X11; Linux x86_64) AppleWebKit/537.36 (KHTML, like Gecko) Chrome/97.0.4692.99 Safari/537.36"
::1 - - [08/Feb/2022:09:21:04 -0400] "GET /Projet_PPE_WEB-main/ HTTP/1.1" 500 185 "http://localhost/?" "Mozilla/5.0 (X11; Linux x86_64) AppleWebKit/537.36 (KHTML, like Gecko) Chrome/97.0.4692.99 Safari/537.36"
::1 - - [08/Feb/2022:09:21:11 -0400] "GET /Projet_PPE_WEB-main/ HTTP/1.1" 200 381 "http://localhost/?" "Mozilla/5.0 (X11; Linux x86_64) AppleWebKit/537.36 (KHTML, like Gecko) Chrome/97.0.4692.99 Safari/537.36"
::1 - - [08/Feb/2022:09:21:11 -0400] "GET /Projet_PPE_WEB-main/view/login HTTP/1.1" 404 487 "http://localhost/Projet_PPE_WEB-main/" "Mozilla/5.0 (X11; Linux x86_64) AppleWebKit/537.36 (KHTML, like Gecko) Chrome/97.0.4692.99 Safari/537.36"
::1 - - [08/Feb/2022:09:21:14 -0400] "GET /Projet_PPE_WEB-main/ HTTP/1.1" 200 380 "http://localhost/?" "Mozilla/5.0 (X11; Linux x86_64) AppleWebKit/537.36 (KHTML, like Gecko) Chrome/97.0.4692.99 Safari/537.36"
::1 - - [08/Feb/2022:09:21:14 -0400] "GET /Projet_PPE_WEB-main/view/login HTTP/1.1" 404 487 "http://localhost/Projet_PPE_WEB-main/" "Mozilla/5.0 (X11; Linux x86_64) AppleWebKit/537.36 (KHTML, like Gecko) Chrome/97.0.4692.99 Safari/537.36"
::1 - - [08/Feb/2022:09:21:28 -0400] "GET /Projet_PPE_WEB-main/view/login HTTP/1.1" 404 488 "http://localhost/Projet_PPE_WEB-main/" "Mozilla/5.0 (X11; Linux x86_64) AppleWebKit/537.36 (KHTML, like Gecko) Chrome/97.0.4692.99 Safari/537.36"
::1 - - [08/Feb/2022:09:21:31 -0400] "GET /Projet_PPE_WEB-main/ HTTP/1.1" 200 380 "http://localhost/?" "Mozilla/5.0 (X11; Linux x86_64) AppleWebKit/537.36 (KHTML, like Gecko) Chrome/97.0.4692.99 Safari/537.36"
::1 - - [08/Feb/2022:09:21:31 -0400] "GET /Projet_PPE_WEB-main/view/login HTTP/1.1" 404 487 "http://localhost/Projet_PPE_WEB-main/" "Mozilla/5.0 (X11; Linux x86_64) AppleWebKit/537.36 (KHTML, like Gecko) Chrome/97.0.4692.99 Safari/537.36"
::1 - - [08/Feb/2022:09:22:09 -0400] "GET /Projet_PPE_WEB-main/view/login HTTP/1.1" 404 488 "http://localhost/Projet_PPE_WEB-main/" "Mozilla/5.0 (X11; Linux x86_64) AppleWebKit/537.36 (KHTML, like Gecko) Chrome/97.0.4692.99 Safari/537.36"
::1 - - [08/Feb/2022:09:22:09 -0400] "GET /Projet_PPE_WEB-main/view/login HTTP/1.1" 404 487 "http://localhost/Projet_PPE_WEB-main/" "Mozilla/5.0 (X11; Linux x86_64) AppleWebKit/537.36 (KHTML, like Gecko) Chrome/97.0.4692.99 Safari/537.36"
::1 - - [08/Feb/2022:09:22:10 -0400] "GET /Projet_PPE_WEB-main/view/login HTTP/1.1" 404 487 "http://localhost/Projet_PPE_WEB-main/" "Mozilla/5.0 (X11; Linux x86_64) AppleWebKit/537.36 (KHTML, like Gecko) Chrome/97.0.4692.99 Safari/537.36"
::1 - - [08/Feb/2022:09:22:11 -0400] "GET /? HTTP/1.1" 200 760 "-" "Mozilla/5.0 (X11; Linux x86_64) AppleWebKit/537.36 (KHTML, like Gecko) Chrome/97.0.4692.99 Safari/537.36"
::1 - - [08/Feb/2022:09:22:13 -0400] "GET /Projet_PPE_WEB-main/ HTTP/1.1" 200 485 "http://localhost/?" "Mozilla/5.0 (X11; Linux x86_64) AppleWebKit/537.36 (KHTML, like Gecko) Chrome/97.0.4692.99 Safari/537.36"
::1 - - [08/Feb/2022:09:22:13 -0400] "GET /Projet_PPE_WEB-main/view/login HTTP/1.1" 404 487 "http://localhost/Projet_PPE_WEB-main/" "Mozilla/5.0 (X11; Linux x86_64) AppleWebKit/537.36 (KHTML, like Gecko) Chrome/97.0.4692.99 Safari/537.36"
::1 - - [08/Feb/2022:09:22:48 -0400] "GET /Projet_PPE_WEB-main/view/login HTTP/1.1" 404 488 "http://localhost/Projet_PPE_WEB-main/" "Mozilla/5.0 (X11; Linux x86_64) AppleWebKit/537.36 (KHTML, like Gecko) Chrome/97.0.4692.99 Safari/537.36"
::1 - - [08/Feb/2022:09:22:50 -0400] "GET /Projet_PPE_WEB-main/ HTTP/1.1" 200 454 "http://localhost/?" "Mozilla/5.0 (X11; Linux x86_64) AppleWebKit/537.36 (KHTML, like Gecko) Chrome/97.0.4692.99 Safari/537.36"
::1 - - [08/Feb/2022:09:23:33 -0400] "GET /Projet_PPE_WEB-main/ HTTP/1.1" 200 455 "http://localhost/?" "Mozilla/5.0 (X11; Linux x86_64) AppleWebKit/537.36 (KHTML, like Gecko) Chrome/97.0.4692.99 Safari/537.36"
::1 - - [08/Feb/2022:09:23:35 -0400] "GET /Projet_PPE_WEB-main/ HTTP/1.1" 200 454 "http://localhost/?" "Mozilla/5.0 (X11; Linux x86_64) AppleWebKit/537.36 (KHTML, like Gecko) Chrome/97.0.4692.99 Safari/537.36"
::1 - - [08/Feb/2022:09:23:55 -0400] "GET /Projet_PPE_WEB-main/ HTTP/1.1" 200 455 "http://localhost/?" "Mozilla/5.0 (X11; Linux x86_64) AppleWebKit/537.36 (KHTML, like Gecko) Chrome/97.0.4692.99 Safari/537.36"
::1 - - [08/Feb/2022:09:23:58 -0400] "GET /Projet_PPE_WEB-main/ HTTP/1.1" 200 454 "http://localhost/?" "Mozilla/5.0 (X11; Linux x86_64) AppleWebKit/537.36 (KHTML, like Gecko) Chrome/97.0.4692.99 Safari/537.36"
::1 - - [08/Feb/2022:09:24:05 -0400] "GET /Projet_PPE_WEB-main/ HTTP/1.1" 200 455 "http://localhost/?" "Mozilla/5.0 (X11; Linux x86_64) AppleWebKit/537.36 (KHTML, like Gecko) Chrome/97.0.4692.99 Safari/537.36"
::1 - - [08/Feb/2022:09:24:07 -0400] "GET /Projet_PPE_WEB-main/ HTTP/1.1" 200 454 "http://localhost/?" "Mozilla/5.0 (X11; Linux x86_64) AppleWebKit/537.36 (KHTML, like Gecko) Chrome/97.0.4692.99 Safari/537.36"
::1 - - [08/Feb/2022:09:24:56 -0400] "-" 408 0 "-" "-"
::1 - - [08/Feb/2022:09:24:58 -0400] "GET /Projet_PPE_WEB-main/ HTTP/1.1" 200 459 "http://localhost/?" "Mozilla/5.0 (X11; Linux x86_64) AppleWebKit/537.36 (KHTML, like Gecko) Chrome/97.0.4692.99 Safari/537.36"
::1 - - [08/Feb/2022:09:24:59 -0400] "GET /Projet_PPE_WEB-main/ HTTP/1.1" 200 458 "http://localhost/?" "Mozilla/5.0 (X11; Linux x86_64) AppleWebKit/537.36 (KHTML, like Gecko) Chrome/97.0.4692.99 Safari/537.36"
::1 - - [08/Feb/2022:09:25:50 -0400] "-" 408 0 "-" "-"
::1 - - [08/Feb/2022:09:26:00 -0400] "GET /Projet_PPE_WEB-main/ HTTP/1.1" 200 476 "http://localhost/?" "Mozilla/5.0 (X11; Linux x86_64) AppleWebKit/537.36 (KHTML, like Gecko) Chrome/97.0.4692.99 Safari/537.36"
::1 - - [08/Feb/2022:09:26:00 -0400] "GET /Projet_PPE_WEB-main/view/login HTTP/1.1" 404 487 "http://localhost/Projet_PPE_WEB-main/" "Mozilla/5.0 (X11; Linux x86_64) AppleWebKit/537.36 (KHTML, like Gecko) Chrome/97.0.4692.99 Safari/537.36"
::1 - - [08/Feb/2022:09:26:50 -0400] "-" 408 0 "-" "-"
::1 - - [08/Feb/2022:09:28:31 -0400] "GET /Projet_PPE_WEB-main/ HTTP/1.1" 302 491 "http://localhost/?" "Mozilla/5.0 (X11; Linux x86_64) AppleWebKit/537.36 (KHTML, like Gecko) Chrome/97.0.4692.99 Safari/537.36"
::1 - - [08/Feb/2022:09:28:31 -0400] "GET /Projet_PPE_WEB-main/view/login.php HTTP/1.1" 200 903 "http://localhost/?" "Mozilla/5.0 (X11; Linux x86_64) AppleWebKit/537.36 (KHTML, like Gecko) Chrome/97.0.4692.99 Safari/537.36"
::1 - - [08/Feb/2022:09:28:31 -0400] "GET /Projet_PPE_WEB-main/css/login.css HTTP/1.1" 200 1236 "http://localhost/Projet_PPE_WEB-main/view/login.php" "Mozilla/5.0 (X11; Linux x86_64) AppleWebKit/537.36 (KHTML, like Gecko) Chrome/97.0.4692.99 Safari/537.36"
::1 - - [08/Feb/2022:09:28:31 -0400] "GET /Projet_PPE_WEB-main/model/assets/sass/bubble.css HTTP/1.1" 200 1732 "http://localhost/Projet_PPE_WEB-main/view/login.php" "Mozilla/5.0 (X11; Linux x86_64) AppleWebKit/537.36 (KHTML, like Gecko) Chrome/97.0.4692.99 Safari/537.36"
::1 - - [08/Feb/2022:09:28:31 -0400] "GET /Projet_PPE_WEB-main/font/OriginTech.ttf HTTP/1.1" 200 12250 "http://localhost/Projet_PPE_WEB-main/css/login.css" "Mozilla/5.0 (X11; Linux x86_64) AppleWebKit/537.36 (KHTML, like Gecko) Chrome/97.0.4692.99 Safari/537.36"
::1 - - [08/Feb/2022:09:29:13 -0400] "POST /Projet_PPE_WEB-main/model/controllers/requetes.php?OperaPPE=4441524b2045434e454c4953 HTTP/1.1" 500 185 "http://localhost/Projet_PPE_WEB-main/view/login.php" "Mozilla/5.0 (X11; Linux x86_64) AppleWebKit/537.36 (KHTML, like Gecko) Chrome/97.0.4692.99 Safari/537.36"
::1 - - [08/Feb/2022:09:29:55 -0400] "GET /Projet_PPE_WEB-main/view/login.php HTTP/1.1" 200 904 "http://localhost/?" "Mozilla/5.0 (X11; Linux x86_64) AppleWebKit/537.36 (KHTML, like Gecko) Chrome/97.0.4692.99 Safari/537.36"
::1 - - [08/Feb/2022:09:30:07 -0400] "-" 408 0 "-" "-"
::1 - - [08/Feb/2022:09:30:17 -0400] "POST /Projet_PPE_WEB-main/model/controllers/requetes.php?OperaPPE=4441524b2045434e454c4953 HTTP/1.1" 500 185 "http://localhost/Projet_PPE_WEB-main/view/login.php" "Mozilla/5.0 (X11; Linux x86_64) AppleWebKit/537.36 (KHTML, like Gecko) Chrome/97.0.4692.99 Safari/537.36"
::1 - - [08/Feb/2022:09:31:09 -0400] "-" 408 0 "-" "-"
::1 - - [08/Feb/2022:09:33:06 -0400] "POST /Projet_PPE_WEB-main/model/controllers/requetes.php?OperaPPE=4441524b2045434e454c4953 HTTP/1.1" 500 185 "http://localhost/Projet_PPE_WEB-main/view/login.php" "Mozilla/5.0 (X11; Linux x86_64) AppleWebKit/537.36 (KHTML, like Gecko) Chrome/97.0.4692.99 Safari/537.36"
::1 - - [08/Feb/2022:09:33:56 -0400] "-" 408 0 "-" "-"
::1 - - [08/Feb/2022:09:34:25 -0400] "POST /Projet_PPE_WEB-main/model/controllers/requetes.php?OperaPPE=4441524b2045434e454c4953 HTTP/1.1" 500 185 "http://localhost/Projet_PPE_WEB-main/view/login.php" "Mozilla/5.0 (X11; Linux x86_64) AppleWebKit/537.36 (KHTML, like Gecko) Chrome/97.0.4692.99 Safari/537.36"
::1 - - [08/Feb/2022:09:35:11 -0400] "-" 408 0 "-" "-"
::1 - - [08/Feb/2022:10:20:49 -0400] "GET /phpmyadmin/ HTTP/1.1" 200 5352 "-" "Mozilla/5.0 (X11; Linux x86_64) AppleWebKit/537.36 (KHTML, like Gecko) Chrome/97.0.4692.99 Safari/537.36"
::1 - - [08/Feb/2022:10:20:50 -0400] "GET /phpmyadmin/phpmyadmin.css.php?nocache=4755212520ltr&server=1 HTTP/1.1" 200 21500 "-" "Mozilla/5.0 (X11; Linux x86_64) AppleWebKit/537.36 (KHTML, like Gecko) Chrome/97.0.4692.99 Safari/537.36"
::1 - - [08/Feb/2022:10:20:50 -0400] "GET /phpmyadmin/js/whitelist.php?v=4.9.5deb2&lang=fr HTTP/1.1" 200 1158 "-" "Mozilla/5.0 (X11; Linux x86_64) AppleWebKit/537.36 (KHTML, like Gecko) Chrome/97.0.4692.99 Safari/537.36"
::1 - - [08/Feb/2022:10:20:50 -0400] "GET /phpmyadmin/js/messages.php?l=fr&v=4.9.5deb2&lang=fr HTTP/1.1" 200 10539 "-" "Mozilla/5.0 (X11; Linux x86_64) AppleWebKit/537.36 (KHTML, like Gecko) Chrome/97.0.4692.99 Safari/537.36"
::1 - - [08/Feb/2022:10:20:59 -0400] "POST /phpmyadmin/index.php HTTP/1.1" 302 1330 "-" "Mozilla/5.0 (X11; Linux x86_64) AppleWebKit/537.36 (KHTML, like Gecko) Chrome/97.0.4692.99 Safari/537.36"
::1 - - [08/Feb/2022:10:20:59 -0400] "GET /phpmyadmin/index.php HTTP/1.1" 200 17165 "-" "Mozilla/5.0 (X11; Linux x86_64) AppleWebKit/537.36 (KHTML, like Gecko) Chrome/97.0.4692.99 Safari/537.36"
::1 - - [08/Feb/2022:10:21:00 -0400] "GET /phpmyadmin/js/messages.php?l=fr&v=4.9.5deb2 HTTP/1.1" 200 10539 "-" "Mozilla/5.0 (X11; Linux x86_64) AppleWebKit/537.36 (KHTML, like Gecko) Chrome/97.0.4692.99 Safari/537.36"
::1 - - [08/Feb/2022:10:21:00 -0400] "GET /phpmyadmin/phpmyadmin.css.php?nocache=6399478641ltr&server=1 HTTP/1.1" 200 21500 "-" "Mozilla/5.0 (X11; Linux x86_64) AppleWebKit/537.36 (KHTML, like Gecko) Chrome/97.0.4692.99 Safari/537.36"
::1 - - [08/Feb/2022:10:21:00 -0400] "GET /phpmyadmin/js/whitelist.php?v=4.9.5deb2 HTTP/1.1" 200 1158 "-" "Mozilla/5.0 (X11; Linux x86_64) AppleWebKit/537.36 (KHTML, like Gecko) Chrome/97.0.4692.99 Safari/537.36"
::1 - - [08/Feb/2022:10:21:00 -0400] "POST /phpmyadmin/ajax.php HTTP/1.1" 200 2784 "-" "Mozilla/5.0 (X11; Linux x86_64) AppleWebKit/537.36 (KHTML, like Gecko) Chrome/97.0.4692.99 Safari/537.36"
::1 - - [08/Feb/2022:10:21:00 -0400] "POST /phpmyadmin/navigation.php?ajax_request=1 HTTP/1.1" 200 3803 "-" "Mozilla/5.0 (X11; Linux x86_64) AppleWebKit/537.36 (KHTML, like Gecko) Chrome/97.0.4692.99 Safari/537.36"
::1 - - [08/Feb/2022:10:21:00 -0400] "POST /phpmyadmin/ajax.php HTTP/1.1" 200 2888 "-" "Mozilla/5.0 (X11; Linux x86_64) AppleWebKit/537.36 (KHTML, like Gecko) Chrome/97.0.4692.99 Safari/537.36"
::1 - - [08/Feb/2022:10:21:00 -0400] "POST /phpmyadmin/ajax.php HTTP/1.1" 200 2787 "-" "Mozilla/5.0 (X11; Linux x86_64) AppleWebKit/537.36 (KHTML, like Gecko) Chrome/97.0.4692.99 Safari/537.36"
::1 - - [08/Feb/2022:10:21:00 -0400] "POST /phpmyadmin/db_structure.php?ajax_request=1&favorite_table=1&sync_favorite_tables=1 HTTP/1.1" 200 1456 "-" "Mozilla/5.0 (X11; Linux x86_64) AppleWebKit/537.36 (KHTML, like Gecko) Chrome/97.0.4692.99 Safari/537.36"
::1 - - [08/Feb/2022:10:21:24 -0400] "GET /phpmyadmin/navigation.php?ajax_request=1&aPath=cm9vdA%3D%3D.ZW50cmVwcmlzZQ%3D%3D&vPath=cm9vdA%3D%3D.ZW50cmVwcmlzZQ%3D%3D&pos=0&pos2_name=&pos2_value=&searchClause=&searchClause2=&_nocache=1644330084097146255&token=7447326e3c586777353e667d78297d6d HTTP/1.1" 200 3226 "-" "Mozilla/5.0 (X11; Linux x86_64) AppleWebKit/537.36 (KHTML, like Gecko) Chrome/97.0.4692.99 Safari/537.36"
::1 - - [08/Feb/2022:10:21:31 -0400] "GET /phpmyadmin/navigation.php?ajax_request=1&aPath=cm9vdA%3D%3D.d2Vic2l0ZV8x&vPath=cm9vdA%3D%3D.d2Vic2l0ZV8x&pos=0&pos2_name=&pos2_value=&searchClause=&searchClause2=&_nocache=1644330091236973198&token=7447326e3c586777353e667d78297d6d HTTP/1.1" 200 3384 "-" "Mozilla/5.0 (X11; Linux x86_64) AppleWebKit/537.36 (KHTML, like Gecko) Chrome/97.0.4692.99 Safari/537.36"
::1 - - [08/Feb/2022:10:21:34 -0400] "GET /phpmyadmin/navigation.php?ajax_request=1&aPath=cm9vdA%3D%3D.bXlzcWw%3D&vPath=cm9vdA%3D%3D.bXlzcWw%3D&pos=0&pos2_name=&pos2_value=&searchClause=&searchClause2=&_nocache=164433009466979431&token=7447326e3c586777353e667d78297d6d HTTP/1.1" 200 5108 "-" "Mozilla/5.0 (X11; Linux x86_64) AppleWebKit/537.36 (KHTML, like Gecko) Chrome/97.0.4692.99 Safari/537.36"
::1 - - [08/Feb/2022:10:21:39 -0400] "GET /phpmyadmin/navigation.php?ajax_request=1&aPath=cm9vdA%3D%3D.cGhwbXlhZG1pbkdE&vPath=cm9vdA%3D%3D.cGhwbXlhZG1pbkdE&pos=0&pos2_name=&pos2_value=&searchClause=&searchClause2=&_nocache=1644330099734111990&token=7447326e3c586777353e667d78297d6d HTTP/1.1" 200 4080 "-" "Mozilla/5.0 (X11; Linux x86_64) AppleWebKit/537.36 (KHTML, like Gecko) Chrome/97.0.4692.99 Safari/537.36"
::1 - - [08/Feb/2022:10:21:47 -0400] "GET /phpmyadmin/navigation.php?ajax_request=1&aPath=cm9vdA%3D%3D.ZGlhbG9ndWU%3D&vPath=cm9vdA%3D%3D.ZGlhbG9ndWU%3D&pos=0&pos2_name=&pos2_value=&searchClause=&searchClause2=&_nocache=1644330107252828643&token=7447326e3c586777353e667d78297d6d HTTP/1.1" 200 3224 "-" "Mozilla/5.0 (X11; Linux x86_64) AppleWebKit/537.36 (KHTML, like Gecko) Chrome/97.0.4692.99 Safari/537.36"
::1 - - [08/Feb/2022:10:21:57 -0400] "GET /phpmyadmin/server_databases.php?server=1&ajax_request=true&ajax_page_request=true&_nocache=1644330117424634996&token=7447326e3c586777353e667d78297d6d HTTP/1.1" 200 8885 "-" "Mozilla/5.0 (X11; Linux x86_64) AppleWebKit/537.36 (KHTML, like Gecko) Chrome/97.0.4692.99 Safari/537.36"
::1 - - [08/Feb/2022:10:23:01 -0400] "POST /phpmyadmin/server_databases.php HTTP/1.1" 200 3201 "-" "Mozilla/5.0 (X11; Linux x86_64) AppleWebKit/537.36 (KHTML, like Gecko) Chrome/97.0.4692.99 Safari/537.36"
::1 - - [08/Feb/2022:10:23:01 -0400] "POST /phpmyadmin/navigation.php?ajax_request=1 HTTP/1.1" 200 3836 "-" "Mozilla/5.0 (X11; Linux x86_64) AppleWebKit/537.36 (KHTML, like Gecko) Chrome/97.0.4692.99 Safari/537.36"
::1 - - [08/Feb/2022:10:23:01 -0400] "GET /phpmyadmin/db_structure.php?db=tuto_mvc&ajax_request=true&ajax_page_request=true&_nocache=1644330181543687569&token=7447326e3c586777353e667d78297d6d HTTP/1.1" 200 4252 "-" "Mozilla/5.0 (X11; Linux x86_64) AppleWebKit/537.36 (KHTML, like Gecko) Chrome/97.0.4692.99 Safari/537.36"
::1 - - [08/Feb/2022:10:23:01 -0400] "GET /phpmyadmin/navigation.php?ajax_request=1&aPath=cm9vdA%3D%3D.dHV0b19tdmM%3D&vPath=cm9vdA%3D%3D.dHV0b19tdmM%3D&pos=0&pos2_name=&pos2_value=&searchClause=&searchClause2=&_nocache=1644330181649618610&token=7447326e3c586777353e667d78297d6d HTTP/1.1" 200 2805 "-" "Mozilla/5.0 (X11; Linux x86_64) AppleWebKit/537.36 (KHTML, like Gecko) Chrome/97.0.4692.99 Safari/537.36"
::1 - - [08/Feb/2022:10:23:09 -0400] "GET /phpmyadmin/themes/pmahomme/img/s_lock.png HTTP/1.1" 200 952 "http://localhost/phpmyadmin/phpmyadmin.css.php?nocache=6399478641ltr&server=1" "Mozilla/5.0 (X11; Linux x86_64) AppleWebKit/537.36 (KHTML, like Gecko) Chrome/97.0.4692.99 Safari/537.36"
::1 - - [08/Feb/2022:10:23:16 -0400] "POST /phpmyadmin/tbl_create.php HTTP/1.1" 200 35811 "-" "Mozilla/5.0 (X11; Linux x86_64) AppleWebKit/537.36 (KHTML, like Gecko) Chrome/97.0.4692.99 Safari/537.36"
::1 - - [08/Feb/2022:10:23:16 -0400] "GET /phpmyadmin/index.php?ajax_request=1&recent_table=1&no_debug=true&_nocache=1644330196803533261&token=7447326e3c586777353e667d78297d6d HTTP/1.1" 200 2964 "-" "Mozilla/5.0 (X11; Linux x86_64) AppleWebKit/537.36 (KHTML, like Gecko) Chrome/97.0.4692.99 Safari/537.36"
::1 - - [08/Feb/2022:10:24:10 -0400] "POST /phpmyadmin/tbl_indexes.php HTTP/1.1" 200 4184 "-" "Mozilla/5.0 (X11; Linux x86_64) AppleWebKit/537.36 (KHTML, like Gecko) Chrome/97.0.4692.99 Safari/537.36"
::1 - - [08/Feb/2022:10:24:10 -0400] "GET /phpmyadmin/themes/pmahomme/jquery/images/ui-bg_highlight-soft_75_cccccc_1x100.png HTTP/1.1" 200 405 "http://localhost/phpmyadmin/themes/pmahomme/jquery/jquery-ui.css" "Mozilla/5.0 (X11; Linux x86_64) AppleWebKit/537.36 (KHTML, like Gecko) Chrome/97.0.4692.99 Safari/537.36"
::1 - - [08/Feb/2022:10:24:10 -0400] "GET /phpmyadmin/themes/pmahomme/jquery/images/ui-bg_glass_75_e6e6e6_1x400.png HTTP/1.1" 200 405 "http://localhost/phpmyadmin/themes/pmahomme/jquery/jquery-ui.css" "Mozilla/5.0 (X11; Linux x86_64) AppleWebKit/537.36 (KHTML, like Gecko) Chrome/97.0.4692.99 Safari/537.36"
::1 - - [08/Feb/2022:10:24:10 -0400] "GET /phpmyadmin/themes/pmahomme/jquery/images/ui-icons_888888_256x240.png HTTP/1.1" 200 4051 "http://localhost/phpmyadmin/themes/pmahomme/jquery/jquery-ui.css" "Mozilla/5.0 (X11; Linux x86_64) AppleWebKit/537.36 (KHTML, like Gecko) Chrome/97.0.4692.99 Safari/537.36"
::1 - - [08/Feb/2022:10:24:10 -0400] "GET /phpmyadmin/themes/pmahomme/img/s_sortable.png HTTP/1.1" 200 487 "http://localhost/phpmyadmin/phpmyadmin.css.php?nocache=6399478641ltr&server=1" "Mozilla/5.0 (X11; Linux x86_64) AppleWebKit/537.36 (KHTML, like Gecko) Chrome/97.0.4692.99 Safari/537.36"
::1 - - [08/Feb/2022:10:24:10 -0400] "GET /phpmyadmin/themes/pmahomme/jquery/images/ui-icons_222222_256x240.png HTTP/1.1" 200 4050 "http://localhost/phpmyadmin/themes/pmahomme/jquery/jquery-ui.css" "Mozilla/5.0 (X11; Linux x86_64) AppleWebKit/537.36 (KHTML, like Gecko) Chrome/97.0.4692.99 Safari/537.36"
::1 - - [08/Feb/2022:10:24:14 -0400] "GET /phpmyadmin/themes/pmahomme/jquery/images/ui-bg_glass_75_dadada_1x400.png HTTP/1.1" 200 409 "http://localhost/phpmyadmin/themes/pmahomme/jquery/jquery-ui.css" "Mozilla/5.0 (X11; Linux x86_64) AppleWebKit/537.36 (KHTML, like Gecko) Chrome/97.0.4692.99 Safari/537.36"
::1 - - [08/Feb/2022:10:24:20 -0400] "GET /phpmyadmin/themes/pmahomme/jquery/images/ui-bg_glass_65_ffffff_1x400.png HTTP/1.1" 200 356 "http://localhost/phpmyadmin/themes/pmahomme/jquery/jquery-ui.css" "Mozilla/5.0 (X11; Linux x86_64) AppleWebKit/537.36 (KHTML, like Gecko) Chrome/97.0.4692.99 Safari/537.36"
::1 - - [08/Feb/2022:10:26:37 -0400] "POST /phpmyadmin/tbl_structure.php HTTP/1.1" 200 1403 "-" "Mozilla/5.0 (X11; Linux x86_64) AppleWebKit/537.36 (KHTML, like Gecko) Chrome/97.0.4692.99 Safari/537.36"
::1 - - [08/Feb/2022:10:26:37 -0400] "POST /phpmyadmin/tbl_create.php HTTP/1.1" 200 3032 "-" "Mozilla/5.0 (X11; Linux x86_64) AppleWebKit/537.36 (KHTML, like Gecko) Chrome/97.0.4692.99 Safari/537.36"
::1 - - [08/Feb/2022:10:26:37 -0400] "GET /phpmyadmin/db_structure.php?server=1&db=tuto_mvc&table=voiture&ajax_request=true&ajax_page_request=true&_nocache=164433039724024659&token=7447326e3c586777353e667d78297d6d HTTP/1.1" 200 6308 "-" "Mozilla/5.0 (X11; Linux x86_64) AppleWebKit/537.36 (KHTML, like Gecko) Chrome/97.0.4692.99 Safari/537.36"
::1 - - [08/Feb/2022:10:26:37 -0400] "POST /phpmyadmin/navigation.php?ajax_request=1 HTTP/1.1" 200 4153 "-" "Mozilla/5.0 (X11; Linux x86_64) AppleWebKit/537.36 (KHTML, like Gecko) Chrome/97.0.4692.99 Safari/537.36"
::1 - - [08/Feb/2022:10:26:37 -0400] "GET /phpmyadmin/tbl_structure.php?server=1&db=tuto_mvc&token=7447326e3c586777353e667d78297d6d&goto=db_structure.php&table=voiture&ajax_request=true&ajax_page_request=true&_nocache=164433039724761390&token=7447326e3c586777353e667d78297d6d HTTP/1.1" 200 8620 "-" "Mozilla/5.0 (X11; Linux x86_64) AppleWebKit/537.36 (KHTML, like Gecko) Chrome/97.0.4692.99 Safari/537.36"
::1 - - [08/Feb/2022:10:26:37 -0400] "GET /phpmyadmin/index.php?ajax_request=1&recent_table=1&no_debug=true&_nocache=1644330397404939656&token=7447326e3c586777353e667d78297d6d HTTP/1.1" 200 2979 "-" "Mozilla/5.0 (X11; Linux x86_64) AppleWebKit/537.36 (KHTML, like Gecko) Chrome/97.0.4692.99 Safari/537.36"
::1 - - [08/Feb/2022:10:26:37 -0400] "GET /phpmyadmin/index.php?ajax_request=1&recent_table=1&no_debug=true&_nocache=1644330397522959542&token=7447326e3c586777353e667d78297d6d HTTP/1.1" 200 2972 "-" "Mozilla/5.0 (X11; Linux x86_64) AppleWebKit/537.36 (KHTML, like Gecko) Chrome/97.0.4692.99 Safari/537.36"
::1 - - [08/Feb/2022:10:26:47 -0400] "GET /phpmyadmin/tbl_change.php?db=tuto_mvc&table=voiture&ajax_request=true&ajax_page_request=true&_nocache=1644330407030410733&token=7447326e3c586777353e667d78297d6d HTTP/1.1" 200 7502 "-" "Mozilla/5.0 (X11; Linux x86_64) AppleWebKit/537.36 (KHTML, like Gecko) Chrome/97.0.4692.99 Safari/537.36"
::1 - - [08/Feb/2022:10:26:47 -0400] "GET /phpmyadmin/js/vendor/jquery/additional-methods.js?v=4.9.5deb2 HTTP/1.1" 200 14211 "-" "Mozilla/5.0 (X11; Linux x86_64) AppleWebKit/537.36 (KHTML, like Gecko) Chrome/97.0.4692.99 Safari/537.36"
::1 - - [08/Feb/2022:10:26:47 -0400] "GET /phpmyadmin/index.php?ajax_request=1&recent_table=1&no_debug=true&_nocache=1644330407173929443&token=7447326e3c586777353e667d78297d6d HTTP/1.1" 200 2971 "-" "Mozilla/5.0 (X11; Linux x86_64) AppleWebKit/537.36 (KHTML, like Gecko) Chrome/97.0.4692.99 Safari/537.36"
::1 - - [08/Feb/2022:10:28:02 -0400] "POST /phpmyadmin/tbl_replace.php HTTP/1.1" 200 1806 "-" "Mozilla/5.0 (X11; Linux x86_64) AppleWebKit/537.36 (KHTML, like Gecko) Chrome/97.0.4692.99 Safari/537.36"
::1 - - [08/Feb/2022:10:28:26 -0400] "POST /phpmyadmin/tbl_replace.php HTTP/1.1" 200 6513 "-" "Mozilla/5.0 (X11; Linux x86_64) AppleWebKit/537.36 (KHTML, like Gecko) Chrome/97.0.4692.99 Safari/537.36"
::1 - - [08/Feb/2022:10:28:26 -0400] "GET /phpmyadmin/index.php?ajax_request=1&recent_table=1&no_debug=true&_nocache=1644330506333992297&token=7447326e3c586777353e667d78297d6d HTTP/1.1" 200 2976 "-" "Mozilla/5.0 (X11; Linux x86_64) AppleWebKit/537.36 (KHTML, like Gecko) Chrome/97.0.4692.99 Safari/537.36"
::1 - - [08/Feb/2022:10:28:26 -0400] "POST /phpmyadmin/lint.php HTTP/1.1" 200 1314 "-" "Mozilla/5.0 (X11; Linux x86_64) AppleWebKit/537.36 (KHTML, like Gecko) Chrome/97.0.4692.99 Safari/537.36"
::1 - - [08/Feb/2022:10:28:29 -0400] "POST /phpmyadmin/lint.php HTTP/1.1" 200 1473 "-" "Mozilla/5.0 (X11; Linux x86_64) AppleWebKit/537.36 (KHTML, like Gecko) Chrome/97.0.4692.99 Safari/537.36"
::1 - - [08/Feb/2022:10:28:31 -0400] "POST /phpmyadmin/lint.php HTTP/1.1" 200 1483 "-" "Mozilla/5.0 (X11; Linux x86_64) AppleWebKit/537.36 (KHTML, like Gecko) Chrome/97.0.4692.99 Safari/537.36"
::1 - - [08/Feb/2022:10:28:32 -0400] "POST /phpmyadmin/lint.php HTTP/1.1" 200 1473 "-" "Mozilla/5.0 (X11; Linux x86_64) AppleWebKit/537.36 (KHTML, like Gecko) Chrome/97.0.4692.99 Safari/537.36"
::1 - - [08/Feb/2022:10:28:33 -0400] "POST /phpmyadmin/lint.php HTTP/1.1" 200 1325 "-" "Mozilla/5.0 (X11; Linux x86_64) AppleWebKit/537.36 (KHTML, like Gecko) Chrome/97.0.4692.99 Safari/537.36"
::1 - - [08/Feb/2022:10:28:34 -0400] "POST /phpmyadmin/lint.php HTTP/1.1" 200 1480 "-" "Mozilla/5.0 (X11; Linux x86_64) AppleWebKit/537.36 (KHTML, like Gecko) Chrome/97.0.4692.99 Safari/537.36"
::1 - - [08/Feb/2022:10:28:54 -0400] "POST /phpmyadmin/lint.php HTTP/1.1" 200 1460 "-" "Mozilla/5.0 (X11; Linux x86_64) AppleWebKit/537.36 (KHTML, like Gecko) Chrome/97.0.4692.99 Safari/537.36"
::1 - - [08/Feb/2022:10:28:59 -0400] "POST /phpmyadmin/db_sql_autocomplete.php HTTP/1.1" 200 3007 "-" "Mozilla/5.0 (X11; Linux x86_64) AppleWebKit/537.36 (KHTML, like Gecko) Chrome/97.0.4692.99 Safari/537.36"
::1 - - [08/Feb/2022:10:29:01 -0400] "POST /phpmyadmin/lint.php HTTP/1.1" 200 1466 "-" "Mozilla/5.0 (X11; Linux x86_64) AppleWebKit/537.36 (KHTML, like Gecko) Chrome/97.0.4692.99 Safari/537.36"
::1 - - [08/Feb/2022:10:29:04 -0400] "POST /phpmyadmin/lint.php HTTP/1.1" 200 1453 "-" "Mozilla/5.0 (X11; Linux x86_64) AppleWebKit/537.36 (KHTML, like Gecko) Chrome/97.0.4692.99 Safari/537.36"
::1 - - [08/Feb/2022:10:29:06 -0400] "POST /phpmyadmin/lint.php HTTP/1.1" 200 1448 "-" "Mozilla/5.0 (X11; Linux x86_64) AppleWebKit/537.36 (KHTML, like Gecko) Chrome/97.0.4692.99 Safari/537.36"
::1 - - [08/Feb/2022:10:29:08 -0400] "POST /phpmyadmin/lint.php HTTP/1.1" 200 1452 "-" "Mozilla/5.0 (X11; Linux x86_64) AppleWebKit/537.36 (KHTML, like Gecko) Chrome/97.0.4692.99 Safari/537.36"
::1 - - [08/Feb/2022:10:29:13 -0400] "POST /phpmyadmin/lint.php HTTP/1.1" 200 1313 "-" "Mozilla/5.0 (X11; Linux x86_64) AppleWebKit/537.36 (KHTML, like Gecko) Chrome/97.0.4692.99 Safari/537.36"
::1 - - [08/Feb/2022:10:29:16 -0400] "POST /phpmyadmin/lint.php HTTP/1.1" 200 1331 "-" "Mozilla/5.0 (X11; Linux x86_64) AppleWebKit/537.36 (KHTML, like Gecko) Chrome/97.0.4692.99 Safari/537.36"
::1 - - [08/Feb/2022:10:29:17 -0400] "POST /phpmyadmin/lint.php HTTP/1.1" 200 1325 "-" "Mozilla/5.0 (X11; Linux x86_64) AppleWebKit/537.36 (KHTML, like Gecko) Chrome/97.0.4692.99 Safari/537.36"
::1 - - [08/Feb/2022:10:29:17 -0400] "POST /phpmyadmin/lint.php HTTP/1.1" 200 1313 "-" "Mozilla/5.0 (X11; Linux x86_64) AppleWebKit/537.36 (KHTML, like Gecko) Chrome/97.0.4692.99 Safari/537.36"
::1 - - [08/Feb/2022:10:29:19 -0400] "POST /phpmyadmin/lint.php HTTP/1.1" 200 1440 "-" "Mozilla/5.0 (X11; Linux x86_64) AppleWebKit/537.36 (KHTML, like Gecko) Chrome/97.0.4692.99 Safari/537.36"
::1 - - [08/Feb/2022:10:29:20 -0400] "POST /phpmyadmin/lint.php HTTP/1.1" 200 1318 "-" "Mozilla/5.0 (X11; Linux x86_64) AppleWebKit/537.36 (KHTML, like Gecko) Chrome/97.0.4692.99 Safari/537.36"
::1 - - [08/Feb/2022:10:29:20 -0400] "POST /phpmyadmin/lint.php HTTP/1.1" 200 1454 "-" "Mozilla/5.0 (X11; Linux x86_64) AppleWebKit/537.36 (KHTML, like Gecko) Chrome/97.0.4692.99 Safari/537.36"
::1 - - [08/Feb/2022:10:29:22 -0400] "POST /phpmyadmin/lint.php HTTP/1.1" 200 1322 "-" "Mozilla/5.0 (X11; Linux x86_64) AppleWebKit/537.36 (KHTML, like Gecko) Chrome/97.0.4692.99 Safari/537.36"
::1 - - [08/Feb/2022:10:29:23 -0400] "POST /phpmyadmin/lint.php HTTP/1.1" 200 1431 "-" "Mozilla/5.0 (X11; Linux x86_64) AppleWebKit/537.36 (KHTML, like Gecko) Chrome/97.0.4692.99 Safari/537.36"
::1 - - [08/Feb/2022:10:29:24 -0400] "POST /phpmyadmin/lint.php HTTP/1.1" 200 1327 "-" "Mozilla/5.0 (X11; Linux x86_64) AppleWebKit/537.36 (KHTML, like Gecko) Chrome/97.0.4692.99 Safari/537.36"
::1 - - [08/Feb/2022:10:29:32 -0400] "POST /phpmyadmin/import.php HTTP/1.1" 200 3314 "-" "Mozilla/5.0 (X11; Linux x86_64) AppleWebKit/537.36 (KHTML, like Gecko) Chrome/97.0.4692.99 Safari/537.36"
::1 - - [08/Feb/2022:10:29:36 -0400] "GET /phpmyadmin/sql.php?server=1&db=tuto_mvc&table=voiture&pos=0&ajax_request=true&ajax_page_request=true&_nocache=164433057684597381&token=7447326e3c586777353e667d78297d6d HTTP/1.1" 200 9098 "-" "Mozilla/5.0 (X11; Linux x86_64) AppleWebKit/537.36 (KHTML, like Gecko) Chrome/97.0.4692.99 Safari/537.36"
::1 - - [08/Feb/2022:10:29:36 -0400] "GET /phpmyadmin/index.php?ajax_request=1&recent_table=1&no_debug=true&_nocache=1644330576991795333&token=7447326e3c586777353e667d78297d6d HTTP/1.1" 200 2975 "-" "Mozilla/5.0 (X11; Linux x86_64) AppleWebKit/537.36 (KHTML, like Gecko) Chrome/97.0.4692.99 Safari/537.36"
::1 - - [08/Feb/2022:10:43:51 -0400] "GET / HTTP/1.1" 200 781 "-" "Mozilla/5.0 (X11; Linux x86_64) AppleWebKit/537.36 (KHTML, like Gecko) Chrome/97.0.4692.99 Safari/537.36"
::1 - - [08/Feb/2022:10:43:51 -0400] "GET /favicon.ico HTTP/1.1" 404 487 "http://localhost/" "Mozilla/5.0 (X11; Linux x86_64) AppleWebKit/537.36 (KHTML, like Gecko) Chrome/97.0.4692.99 Safari/537.36"
::1 - - [08/Feb/2022:10:43:54 -0400] "GET /tr-Php-mvc/ HTTP/1.1" 200 759 "http://localhost/" "Mozilla/5.0 (X11; Linux x86_64) AppleWebKit/537.36 (KHTML, like Gecko) Chrome/97.0.4692.99 Safari/537.36"
::1 - - [08/Feb/2022:10:43:58 -0400] "GET /tr-Php-mvc/testConf.php HTTP/1.1" 200 215 "http://localhost/tr-Php-mvc/" "Mozilla/5.0 (X11; Linux x86_64) AppleWebKit/537.36 (KHTML, like Gecko) Chrome/97.0.4692.99 Safari/537.36"
::1 - - [08/Feb/2022:10:44:02 -0400] "GET /tr-Php-mvc/Conf.php HTTP/1.1" 200 202 "http://localhost/tr-Php-mvc/" "Mozilla/5.0 (X11; Linux x86_64) AppleWebKit/537.36 (KHTML, like Gecko) Chrome/97.0.4692.99 Safari/537.36"
::1 - - [08/Feb/2022:10:44:42 -0400] "-" 408 0 "-" "-"
::1 - - [08/Feb/2022:10:44:59 -0400] "GET /tr-Php-mvc/testConf.php HTTP/1.1" 200 237 "http://localhost/tr-Php-mvc/" "Mozilla/5.0 (X11; Linux x86_64) AppleWebKit/537.36 (KHTML, like Gecko) Chrome/97.0.4692.99 Safari/537.36"
::1 - - [08/Feb/2022:10:45:29 -0400] "GET /tr-Php-mvc/testConf.php HTTP/1.1" 500 185 "http://localhost/tr-Php-mvc/" "Mozilla/5.0 (X11; Linux x86_64) AppleWebKit/537.36 (KHTML, like Gecko) Chrome/97.0.4692.99 Safari/537.36"
::1 - - [08/Feb/2022:10:45:32 -0400] "GET /tr-Php-mvc/testConf.php HTTP/1.1" 500 185 "http://localhost/tr-Php-mvc/" "Mozilla/5.0 (X11; Linux x86_64) AppleWebKit/537.36 (KHTML, like Gecko) Chrome/97.0.4692.99 Safari/537.36"
::1 - - [08/Feb/2022:10:45:34 -0400] "GET /tr-Php-mvc/testConf.php HTTP/1.1" 500 185 "http://localhost/tr-Php-mvc/" "Mozilla/5.0 (X11; Linux x86_64) AppleWebKit/537.36 (KHTML, like Gecko) Chrome/97.0.4692.99 Safari/537.36"
::1 - - [08/Feb/2022:10:45:35 -0400] "GET /tr-Php-mvc/testConf.php HTTP/1.1" 500 185 "http://localhost/tr-Php-mvc/" "Mozilla/5.0 (X11; Linux x86_64) AppleWebKit/537.36 (KHTML, like Gecko) Chrome/97.0.4692.99 Safari/537.36"
::1 - - [08/Feb/2022:10:45:55 -0400] "GET /tr-Php-mvc/testConf.php HTTP/1.1" 200 252 "http://localhost/tr-Php-mvc/" "Mozilla/5.0 (X11; Linux x86_64) AppleWebKit/537.36 (KHTML, like Gecko) Chrome/97.0.4692.99 Safari/537.36"
::1 - - [08/Feb/2022:10:46:46 -0400] "-" 408 0 "-" "-"
::1 - - [08/Feb/2022:10:53:32 -0400] "POST /phpmyadmin/index.php HTTP/1.1" 200 2920 "-" "Mozilla/5.0 (X11; Linux x86_64) AppleWebKit/537.36 (KHTML, like Gecko) Chrome/97.0.4692.99 Safari/537.36"
::1 - - [08/Feb/2022:11:12:29 -0400] "POST /phpmyadmin/index.php HTTP/1.1" 200 2896 "-" "Mozilla/5.0 (X11; Linux x86_64) AppleWebKit/537.36 (KHTML, like Gecko) Chrome/97.0.4692.99 Safari/537.36"
::1 - - [08/Feb/2022:11:22:08 -0400] "GET /tr-Php-mvc/testConf.php HTTP/1.1" 200 252 "http://localhost/tr-Php-mvc/" "Mozilla/5.0 (X11; Linux x86_64) AppleWebKit/537.36 (KHTML, like Gecko) Chrome/97.0.4692.99 Safari/537.36"
::1 - - [08/Feb/2022:11:22:08 -0400] "GET /tr-Php-mvc/testConf.php HTTP/1.1" 200 251 "http://localhost/tr-Php-mvc/" "Mozilla/5.0 (X11; Linux x86_64) AppleWebKit/537.36 (KHTML, like Gecko) Chrome/97.0.4692.99 Safari/537.36"
::1 - - [08/Feb/2022:11:22:09 -0400] "GET /tr-Php-mvc/testConf.php HTTP/1.1" 200 251 "http://localhost/tr-Php-mvc/" "Mozilla/5.0 (X11; Linux x86_64) AppleWebKit/537.36 (KHTML, like Gecko) Chrome/97.0.4692.99 Safari/537.36"
::1 - - [08/Feb/2022:11:22:11 -0400] "GET /tr-Php-mvc/ HTTP/1.1" 200 784 "http://localhost/" "Mozilla/5.0 (X11; Linux x86_64) AppleWebKit/537.36 (KHTML, like Gecko) Chrome/97.0.4692.99 Safari/537.36"
::1 - - [08/Feb/2022:11:22:13 -0400] "GET /tr-Php-mvc/Model.php HTTP/1.1" 500 185 "http://localhost/tr-Php-mvc/" "Mozilla/5.0 (X11; Linux x86_64) AppleWebKit/537.36 (KHTML, like Gecko) Chrome/97.0.4692.99 Safari/537.36"
::1 - - [08/Feb/2022:11:22:16 -0400] "GET /tr-Php-mvc/testConf.php HTTP/1.1" 200 252 "http://localhost/tr-Php-mvc/" "Mozilla/5.0 (X11; Linux x86_64) AppleWebKit/537.36 (KHTML, like Gecko) Chrome/97.0.4692.99 Safari/537.36"
::1 - - [08/Feb/2022:11:23:06 -0400] "-" 408 0 "-" "-"
::1 - - [08/Feb/2022:11:23:35 -0400] "GET /tr-Php-mvc/ HTTP/1.1" 200 803 "http://localhost/" "Mozilla/5.0 (X11; Linux x86_64) AppleWebKit/537.36 (KHTML, like Gecko) Chrome/97.0.4692.99 Safari/537.36"
::1 - - [08/Feb/2022:11:23:37 -0400] "GET /tr-Php-mvc/testModel.php HTTP/1.1" 500 185 "http://localhost/tr-Php-mvc/" "Mozilla/5.0 (X11; Linux x86_64) AppleWebKit/537.36 (KHTML, like Gecko) Chrome/97.0.4692.99 Safari/537.36"
::1 - - [08/Feb/2022:11:24:27 -0400] "-" 408 0 "-" "-"
::1 - - [08/Feb/2022:11:27:08 -0400] "GET /tr-Php-mvc/testModel.php HTTP/1.1" 500 185 "http://localhost/tr-Php-mvc/" "Mozilla/5.0 (X11; Linux x86_64) AppleWebKit/537.36 (KHTML, like Gecko) Chrome/97.0.4692.99 Safari/537.36"
::1 - - [08/Feb/2022:11:27:12 -0400] "GET /tr-Php-mvc/testModel.php HTTP/1.1" 500 185 "http://localhost/tr-Php-mvc/" "Mozilla/5.0 (X11; Linux x86_64) AppleWebKit/537.36 (KHTML, like Gecko) Chrome/97.0.4692.99 Safari/537.36"
::1 - - [08/Feb/2022:11:28:00 -0400] "GET /tr-Php-mvc/testModel.php HTTP/1.1" 500 185 "http://localhost/tr-Php-mvc/" "Mozilla/5.0 (X11; Linux x86_64) AppleWebKit/537.36 (KHTML, like Gecko) Chrome/97.0.4692.99 Safari/537.36"
::1 - - [08/Feb/2022:11:28:03 -0400] "GET /tr-Php-mvc/testModel.php HTTP/1.1" 500 185 "http://localhost/tr-Php-mvc/" "Mozilla/5.0 (X11; Linux x86_64) AppleWebKit/537.36 (KHTML, like Gecko) Chrome/97.0.4692.99 Safari/537.36"
::1 - - [08/Feb/2022:11:28:53 -0400] "-" 408 0 "-" "-"
::1 - - [08/Feb/2022:11:31:07 -0400] "POST /phpmyadmin/index.php HTTP/1.1" 200 2901 "-" "Mozilla/5.0 (X11; Linux x86_64) AppleWebKit/537.36 (KHTML, like Gecko) Chrome/97.0.4692.99 Safari/537.36"
::1 - - [08/Feb/2022:11:35:36 -0400] "GET /tr-Php-mvc/testModel.php HTTP/1.1" 500 185 "http://localhost/tr-Php-mvc/" "Mozilla/5.0 (X11; Linux x86_64) AppleWebKit/537.36 (KHTML, like Gecko) Chrome/97.0.4692.99 Safari/537.36"
::1 - - [08/Feb/2022:11:36:26 -0400] "-" 408 0 "-" "-"
::1 - - [08/Feb/2022:11:49:26 -0400] "POST /phpmyadmin/index.php HTTP/1.1" 200 2893 "-" "Mozilla/5.0 (X11; Linux x86_64) AppleWebKit/537.36 (KHTML, like Gecko) Chrome/97.0.4692.99 Safari/537.36"
::1 - - [08/Feb/2022:12:07:27 -0400] "POST /phpmyadmin/index.php HTTP/1.1" 200 2896 "-" "Mozilla/5.0 (X11; Linux x86_64) AppleWebKit/537.36 (KHTML, like Gecko) Chrome/97.0.4692.99 Safari/537.36"
::1 - - [08/Feb/2022:12:25:10 -0400] "POST /phpmyadmin/index.php HTTP/1.1" 200 2891 "-" "Mozilla/5.0 (X11; Linux x86_64) AppleWebKit/537.36 (KHTML, like Gecko) Chrome/97.0.4692.99 Safari/537.36"
::1 - - [08/Feb/2022:12:42:35 -0400] "POST /phpmyadmin/index.php HTTP/1.1" 200 2898 "-" "Mozilla/5.0 (X11; Linux x86_64) AppleWebKit/537.36 (KHTML, like Gecko) Chrome/97.0.4692.99 Safari/537.36"
::1 - - [08/Feb/2022:13:48:36 -0400] "GET /phpmyadmin/sql.php?server=1&db=tuto_mvc&table=voiture&pos=0 HTTP/1.1" 200 5260 "-" "Mozilla/5.0 (X11; Linux x86_64) AppleWebKit/537.36 (KHTML, like Gecko) Chrome/97.0.4692.99 Safari/537.36"
::1 - - [08/Feb/2022:13:48:37 -0400] "GET /phpmyadmin/phpmyadmin.css.php?nocache=4755212520ltr&server=1 HTTP/1.1" 200 21500 "-" "Mozilla/5.0 (X11; Linux x86_64) AppleWebKit/537.36 (KHTML, like Gecko) Chrome/97.0.4692.99 Safari/537.36"
::1 - - [08/Feb/2022:13:48:37 -0400] "GET /phpmyadmin/js/whitelist.php?v=4.9.5deb2 HTTP/1.1" 200 1158 "-" "Mozilla/5.0 (X11; Linux x86_64) AppleWebKit/537.36 (KHTML, like Gecko) Chrome/97.0.4692.99 Safari/537.36"
::1 - - [08/Feb/2022:13:48:37 -0400] "GET /phpmyadmin/js/messages.php?l=fr&v=4.9.5deb2 HTTP/1.1" 200 10539 "-" "Mozilla/5.0 (X11; Linux x86_64) AppleWebKit/537.36 (KHTML, like Gecko) Chrome/97.0.4692.99 Safari/537.36"
::1 - - [08/Feb/2022:13:48:42 -0400] "GET /tr-Php-mvc/testModel.php HTTP/1.1" 500 185 "http://localhost/tr-Php-mvc/" "Mozilla/5.0 (X11; Linux x86_64) AppleWebKit/537.36 (KHTML, like Gecko) Chrome/97.0.4692.99 Safari/537.36"
::1 - - [08/Feb/2022:13:48:43 -0400] "GET /favicon.ico HTTP/1.1" 404 488 "http://localhost/tr-Php-mvc/" "Mozilla/5.0 (X11; Linux x86_64) AppleWebKit/537.36 (KHTML, like Gecko) Chrome/97.0.4692.99 Safari/537.36"
::1 - - [08/Feb/2022:13:48:45 -0400] "GET /tr-Php-mvc/testModel.php HTTP/1.1" 500 185 "http://localhost/tr-Php-mvc/" "Mozilla/5.0 (X11; Linux x86_64) AppleWebKit/537.36 (KHTML, like Gecko) Chrome/97.0.4692.99 Safari/537.36"
::1 - - [08/Feb/2022:13:49:34 -0400] "-" 408 0 "-" "-"
::1 - - [08/Feb/2022:13:54:53 -0400] "GET /tr-Php-mvc/testModel.php HTTP/1.1" 500 185 "http://localhost/tr-Php-mvc/" "Mozilla/5.0 (X11; Linux x86_64) AppleWebKit/537.36 (KHTML, like Gecko) Chrome/97.0.4692.99 Safari/537.36"
::1 - - [08/Feb/2022:13:55:43 -0400] "-" 408 0 "-" "-"
::1 - - [08/Feb/2022:14:00:58 -0400] "GET /tr-Php-mvc/testModel.php HTTP/1.1" 500 185 "http://localhost/tr-Php-mvc/" "Mozilla/5.0 (X11; Linux x86_64) AppleWebKit/537.36 (KHTML, like Gecko) Chrome/97.0.4692.99 Safari/537.36"
::1 - - [08/Feb/2022:14:01:00 -0400] "GET /tr-Php-mvc/testModel.php HTTP/1.1" 500 185 "http://localhost/tr-Php-mvc/" "Mozilla/5.0 (X11; Linux x86_64) AppleWebKit/537.36 (KHTML, like Gecko) Chrome/97.0.4692.99 Safari/537.36"
::1 - - [08/Feb/2022:14:01:01 -0400] "GET /tr-Php-mvc/testModel.php HTTP/1.1" 500 185 "http://localhost/tr-Php-mvc/" "Mozilla/5.0 (X11; Linux x86_64) AppleWebKit/537.36 (KHTML, like Gecko) Chrome/97.0.4692.99 Safari/537.36"
::1 - - [08/Feb/2022:14:01:02 -0400] "GET /tr-Php-mvc/testModel.php HTTP/1.1" 500 185 "http://localhost/tr-Php-mvc/" "Mozilla/5.0 (X11; Linux x86_64) AppleWebKit/537.36 (KHTML, like Gecko) Chrome/97.0.4692.99 Safari/537.36"
::1 - - [08/Feb/2022:14:01:03 -0400] "GET /tr-Php-mvc/testModel.php HTTP/1.1" 500 185 "http://localhost/tr-Php-mvc/" "Mozilla/5.0 (X11; Linux x86_64) AppleWebKit/537.36 (KHTML, like Gecko) Chrome/97.0.4692.99 Safari/537.36"
::1 - - [08/Feb/2022:14:01:54 -0400] "-" 408 0 "-" "-"
::1 - - [08/Feb/2022:14:02:00 -0400] "GET /tr-Php-mvc/testModel.php HTTP/1.1" 500 185 "http://localhost/tr-Php-mvc/" "Mozilla/5.0 (X11; Linux x86_64) AppleWebKit/537.36 (KHTML, like Gecko) Chrome/97.0.4692.99 Safari/537.36"
::1 - - [08/Feb/2022:14:02:03 -0400] "GET /tr-Php-mvc/testModel.php HTTP/1.1" 500 185 "http://localhost/tr-Php-mvc/" "Mozilla/5.0 (X11; Linux x86_64) AppleWebKit/537.36 (KHTML, like Gecko) Chrome/97.0.4692.99 Safari/537.36"
::1 - - [08/Feb/2022:14:02:32 -0400] "GET /tr-Php-mvc/testModel.php HTTP/1.1" 500 185 "http://localhost/tr-Php-mvc/" "Mozilla/5.0 (X11; Linux x86_64) AppleWebKit/537.36 (KHTML, like Gecko) Chrome/97.0.4692.99 Safari/537.36"
::1 - - [08/Feb/2022:14:02:33 -0400] "GET /tr-Php-mvc/testModel.php HTTP/1.1" 500 185 "http://localhost/tr-Php-mvc/" "Mozilla/5.0 (X11; Linux x86_64) AppleWebKit/537.36 (KHTML, like Gecko) Chrome/97.0.4692.99 Safari/537.36"
::1 - - [08/Feb/2022:14:02:33 -0400] "GET /tr-Php-mvc/testModel.php HTTP/1.1" 500 185 "http://localhost/tr-Php-mvc/" "Mozilla/5.0 (X11; Linux x86_64) AppleWebKit/537.36 (KHTML, like Gecko) Chrome/97.0.4692.99 Safari/537.36"
::1 - - [08/Feb/2022:14:02:33 -0400] "GET /tr-Php-mvc/testModel.php HTTP/1.1" 500 185 "http://localhost/tr-Php-mvc/" "Mozilla/5.0 (X11; Linux x86_64) AppleWebKit/537.36 (KHTML, like Gecko) Chrome/97.0.4692.99 Safari/537.36"
::1 - - [08/Feb/2022:14:02:37 -0400] "GET /tr-Php-mvc/testModel.php HTTP/1.1" 500 185 "http://localhost/tr-Php-mvc/" "Mozilla/5.0 (X11; Linux x86_64) AppleWebKit/537.36 (KHTML, like Gecko) Chrome/97.0.4692.99 Safari/537.36"
::1 - - [08/Feb/2022:14:02:56 -0400] "GET /tr-Php-mvc/testModel.php HTTP/1.1" 500 188 "http://localhost/tr-Php-mvc/" "Mozilla/5.0 (X11; Linux x86_64) AppleWebKit/537.36 (KHTML, like Gecko) Chrome/97.0.4692.99 Safari/537.36"
::1 - - [08/Feb/2022:14:03:33 -0400] "GET /tr-Php-mvc/testModel.php HTTP/1.1" 500 185 "http://localhost/tr-Php-mvc/" "Mozilla/5.0 (X11; Linux x86_64) AppleWebKit/537.36 (KHTML, like Gecko) Chrome/97.0.4692.99 Safari/537.36"
::1 - - [08/Feb/2022:14:03:34 -0400] "GET /tr-Php-mvc/testModel.php HTTP/1.1" 500 185 "http://localhost/tr-Php-mvc/" "Mozilla/5.0 (X11; Linux x86_64) AppleWebKit/537.36 (KHTML, like Gecko) Chrome/97.0.4692.99 Safari/537.36"
::1 - - [08/Feb/2022:14:03:37 -0400] "GET /tr-Php-mvc/testModel.php HTTP/1.1" 500 185 "http://localhost/tr-Php-mvc/" "Mozilla/5.0 (X11; Linux x86_64) AppleWebKit/537.36 (KHTML, like Gecko) Chrome/97.0.4692.99 Safari/537.36"
::1 - - [08/Feb/2022:14:04:27 -0400] "-" 408 0 "-" "-"
::1 - - [08/Feb/2022:14:05:48 -0400] "GET /tr-Php-mvc/testModel.php HTTP/1.1" 500 185 "http://localhost/tr-Php-mvc/" "Mozilla/5.0 (X11; Linux x86_64) AppleWebKit/537.36 (KHTML, like Gecko) Chrome/97.0.4692.99 Safari/537.36"
::1 - - [08/Feb/2022:14:05:49 -0400] "GET /tr-Php-mvc/testModel.php HTTP/1.1" 500 185 "http://localhost/tr-Php-mvc/" "Mozilla/5.0 (X11; Linux x86_64) AppleWebKit/537.36 (KHTML, like Gecko) Chrome/97.0.4692.99 Safari/537.36"
::1 - - [08/Feb/2022:14:06:02 -0400] "GET /tr-Php-mvc/testModel.php HTTP/1.1" 500 185 "http://localhost/tr-Php-mvc/" "Mozilla/5.0 (X11; Linux x86_64) AppleWebKit/537.36 (KHTML, like Gecko) Chrome/97.0.4692.99 Safari/537.36"
::1 - - [08/Feb/2022:14:06:03 -0400] "GET /tr-Php-mvc/testModel.php HTTP/1.1" 500 185 "http://localhost/tr-Php-mvc/" "Mozilla/5.0 (X11; Linux x86_64) AppleWebKit/537.36 (KHTML, like Gecko) Chrome/97.0.4692.99 Safari/537.36"
::1 - - [08/Feb/2022:14:06:54 -0400] "-" 408 0 "-" "-"
::1 - - [08/Feb/2022:14:07:40 -0400] "GET /tr-Php-mvc/testModel.php HTTP/1.1" 500 185 "http://localhost/tr-Php-mvc/" "Mozilla/5.0 (X11; Linux x86_64) AppleWebKit/537.36 (KHTML, like Gecko) Chrome/97.0.4692.99 Safari/537.36"
::1 - - [08/Feb/2022:14:08:13 -0400] "GET /tr-Php-mvc/testModel.php HTTP/1.1" 500 194 "http://localhost/tr-Php-mvc/" "Mozilla/5.0 (X11; Linux x86_64) AppleWebKit/537.36 (KHTML, like Gecko) Chrome/97.0.4692.99 Safari/537.36"
::1 - - [08/Feb/2022:14:09:05 -0400] "-" 408 0 "-" "-"
::1 - - [08/Feb/2022:14:17:16 -0400] "GET /tr-Php-mvc/testModel.php HTTP/1.1" 500 185 "http://localhost/tr-Php-mvc/" "Mozilla/5.0 (X11; Linux x86_64) AppleWebKit/537.36 (KHTML, like Gecko) Chrome/97.0.4692.99 Safari/537.36"
::1 - - [08/Feb/2022:14:17:18 -0400] "GET /tr-Php-mvc/testModel.php HTTP/1.1" 500 185 "http://localhost/tr-Php-mvc/" "Mozilla/5.0 (X11; Linux x86_64) AppleWebKit/537.36 (KHTML, like Gecko) Chrome/97.0.4692.99 Safari/537.36"
::1 - - [08/Feb/2022:14:17:32 -0400] "GET /tr-Php-mvc/testModel.php HTTP/1.1" 500 185 "http://localhost/tr-Php-mvc/" "Mozilla/5.0 (X11; Linux x86_64) AppleWebKit/537.36 (KHTML, like Gecko) Chrome/97.0.4692.99 Safari/537.36"
::1 - - [08/Feb/2022:14:17:33 -0400] "GET /tr-Php-mvc/testModel.php HTTP/1.1" 500 185 "http://localhost/tr-Php-mvc/" "Mozilla/5.0 (X11; Linux x86_64) AppleWebKit/537.36 (KHTML, like Gecko) Chrome/97.0.4692.99 Safari/537.36"
::1 - - [08/Feb/2022:14:17:35 -0400] "GET /tr-Php-mvc/testModel.php HTTP/1.1" 500 185 "http://localhost/tr-Php-mvc/" "Mozilla/5.0 (X11; Linux x86_64) AppleWebKit/537.36 (KHTML, like Gecko) Chrome/97.0.4692.99 Safari/537.36"
::1 - - [08/Feb/2022:14:17:52 -0400] "GET /tr-Php-mvc/testModel.php HTTP/1.1" 500 185 "http://localhost/tr-Php-mvc/" "Mozilla/5.0 (X11; Linux x86_64) AppleWebKit/537.36 (KHTML, like Gecko) Chrome/97.0.4692.99 Safari/537.36"
::1 - - [08/Feb/2022:14:17:53 -0400] "GET /tr-Php-mvc/testModel.php HTTP/1.1" 500 185 "http://localhost/tr-Php-mvc/" "Mozilla/5.0 (X11; Linux x86_64) AppleWebKit/537.36 (KHTML, like Gecko) Chrome/97.0.4692.99 Safari/537.36"
::1 - - [08/Feb/2022:14:17:55 -0400] "GET /tr-Php-mvc/testModel.php HTTP/1.1" 500 185 "http://localhost/tr-Php-mvc/" "Mozilla/5.0 (X11; Linux x86_64) AppleWebKit/537.36 (KHTML, like Gecko) Chrome/97.0.4692.99 Safari/537.36"
::1 - - [08/Feb/2022:14:18:45 -0400] "-" 408 0 "-" "-"
::1 - - [08/Feb/2022:14:20:23 -0400] "GET /tr-Php-mvc/testModel.php HTTP/1.1" 500 185 "http://localhost/tr-Php-mvc/" "Mozilla/5.0 (X11; Linux x86_64) AppleWebKit/537.36 (KHTML, like Gecko) Chrome/97.0.4692.99 Safari/537.36"
::1 - - [08/Feb/2022:14:21:03 -0400] "GET /tr-Php-mvc/testModel.php HTTP/1.1" 500 185 "http://localhost/tr-Php-mvc/" "Mozilla/5.0 (X11; Linux x86_64) AppleWebKit/537.36 (KHTML, like Gecko) Chrome/97.0.4692.99 Safari/537.36"
::1 - - [08/Feb/2022:14:21:27 -0400] "GET /tr-Php-mvc/testModel.php HTTP/1.1" 500 185 "http://localhost/tr-Php-mvc/" "Mozilla/5.0 (X11; Linux x86_64) AppleWebKit/537.36 (KHTML, like Gecko) Chrome/97.0.4692.99 Safari/537.36"
::1 - - [08/Feb/2022:14:21:29 -0400] "GET /tr-Php-mvc/testModel.php HTTP/1.1" 500 185 "http://localhost/tr-Php-mvc/" "Mozilla/5.0 (X11; Linux x86_64) AppleWebKit/537.36 (KHTML, like Gecko) Chrome/97.0.4692.99 Safari/537.36"
::1 - - [08/Feb/2022:14:21:31 -0400] "GET /tr-Php-mvc/testModel.php HTTP/1.1" 500 185 "http://localhost/tr-Php-mvc/" "Mozilla/5.0 (X11; Linux x86_64) AppleWebKit/537.36 (KHTML, like Gecko) Chrome/97.0.4692.99 Safari/537.36"
::1 - - [08/Feb/2022:14:21:54 -0400] "GET /tr-Php-mvc/testModel.php HTTP/1.1" 500 192 "http://localhost/tr-Php-mvc/" "Mozilla/5.0 (X11; Linux x86_64) AppleWebKit/537.36 (KHTML, like Gecko) Chrome/97.0.4692.99 Safari/537.36"
::1 - - [08/Feb/2022:14:22:16 -0400] "GET /tr-Php-mvc/testModel.php HTTP/1.1" 500 185 "http://localhost/tr-Php-mvc/" "Mozilla/5.0 (X11; Linux x86_64) AppleWebKit/537.36 (KHTML, like Gecko) Chrome/97.0.4692.99 Safari/537.36"
::1 - - [08/Feb/2022:14:22:46 -0400] "GET /tr-Php-mvc/testModel.php HTTP/1.1" 500 185 "http://localhost/tr-Php-mvc/" "Mozilla/5.0 (X11; Linux x86_64) AppleWebKit/537.36 (KHTML, like Gecko) Chrome/97.0.4692.99 Safari/537.36"
::1 - - [08/Feb/2022:14:23:37 -0400] "-" 408 0 "-" "-"
::1 - - [08/Feb/2022:14:23:57 -0400] "GET /tr-Php-mvc/testModel.php HTTP/1.1" 500 185 "http://localhost/tr-Php-mvc/" "Mozilla/5.0 (X11; Linux x86_64) AppleWebKit/537.36 (KHTML, like Gecko) Chrome/97.0.4692.99 Safari/537.36"
::1 - - [08/Feb/2022:14:23:58 -0400] "GET /tr-Php-mvc/testModel.php HTTP/1.1" 500 185 "http://localhost/tr-Php-mvc/" "Mozilla/5.0 (X11; Linux x86_64) AppleWebKit/537.36 (KHTML, like Gecko) Chrome/97.0.4692.99 Safari/537.36"
::1 - - [08/Feb/2022:14:24:17 -0400] "GET /tr-Php-mvc/testModel.php HTTP/1.1" 500 185 "http://localhost/tr-Php-mvc/" "Mozilla/5.0 (X11; Linux x86_64) AppleWebKit/537.36 (KHTML, like Gecko) Chrome/97.0.4692.99 Safari/537.36"
::1 - - [08/Feb/2022:14:24:18 -0400] "GET /tr-Php-mvc/testModel.php HTTP/1.1" 500 185 "http://localhost/tr-Php-mvc/" "Mozilla/5.0 (X11; Linux x86_64) AppleWebKit/537.36 (KHTML, like Gecko) Chrome/97.0.4692.99 Safari/537.36"
::1 - - [08/Feb/2022:14:24:18 -0400] "GET /tr-Php-mvc/testModel.php HTTP/1.1" 500 185 "http://localhost/tr-Php-mvc/" "Mozilla/5.0 (X11; Linux x86_64) AppleWebKit/537.36 (KHTML, like Gecko) Chrome/97.0.4692.99 Safari/537.36"
::1 - - [08/Feb/2022:14:24:18 -0400] "GET /tr-Php-mvc/testModel.php HTTP/1.1" 500 185 "http://localhost/tr-Php-mvc/" "Mozilla/5.0 (X11; Linux x86_64) AppleWebKit/537.36 (KHTML, like Gecko) Chrome/97.0.4692.99 Safari/537.36"
::1 - - [08/Feb/2022:14:24:18 -0400] "GET /tr-Php-mvc/testModel.php HTTP/1.1" 500 185 "http://localhost/tr-Php-mvc/" "Mozilla/5.0 (X11; Linux x86_64) AppleWebKit/537.36 (KHTML, like Gecko) Chrome/97.0.4692.99 Safari/537.36"
::1 - - [08/Feb/2022:14:24:18 -0400] "GET /tr-Php-mvc/testModel.php HTTP/1.1" 500 185 "http://localhost/tr-Php-mvc/" "Mozilla/5.0 (X11; Linux x86_64) AppleWebKit/537.36 (KHTML, like Gecko) Chrome/97.0.4692.99 Safari/537.36"
::1 - - [08/Feb/2022:14:24:18 -0400] "GET /tr-Php-mvc/testModel.php HTTP/1.1" 500 185 "http://localhost/tr-Php-mvc/" "Mozilla/5.0 (X11; Linux x86_64) AppleWebKit/537.36 (KHTML, like Gecko) Chrome/97.0.4692.99 Safari/537.36"
::1 - - [08/Feb/2022:14:24:19 -0400] "GET /tr-Php-mvc/testModel.php HTTP/1.1" 500 185 "http://localhost/tr-Php-mvc/" "Mozilla/5.0 (X11; Linux x86_64) AppleWebKit/537.36 (KHTML, like Gecko) Chrome/97.0.4692.99 Safari/537.36"
::1 - - [08/Feb/2022:14:24:24 -0400] "GET /tr-Php-mvc/testModel.php HTTP/1.1" 500 185 "http://localhost/tr-Php-mvc/" "Mozilla/5.0 (X11; Linux x86_64) AppleWebKit/537.36 (KHTML, like Gecko) Chrome/97.0.4692.99 Safari/537.36"
::1 - - [08/Feb/2022:14:24:25 -0400] "GET /tr-Php-mvc/testModel.php HTTP/1.1" 500 185 "http://localhost/tr-Php-mvc/" "Mozilla/5.0 (X11; Linux x86_64) AppleWebKit/537.36 (KHTML, like Gecko) Chrome/97.0.4692.99 Safari/537.36"
::1 - - [08/Feb/2022:14:24:25 -0400] "GET /tr-Php-mvc/testModel.php HTTP/1.1" 500 185 "http://localhost/tr-Php-mvc/" "Mozilla/5.0 (X11; Linux x86_64) AppleWebKit/537.36 (KHTML, like Gecko) Chrome/97.0.4692.99 Safari/537.36"
::1 - - [08/Feb/2022:14:24:25 -0400] "GET /tr-Php-mvc/testModel.php HTTP/1.1" 500 185 "http://localhost/tr-Php-mvc/" "Mozilla/5.0 (X11; Linux x86_64) AppleWebKit/537.36 (KHTML, like Gecko) Chrome/97.0.4692.99 Safari/537.36"
::1 - - [08/Feb/2022:14:25:07 -0400] "GET /tr-Php-mvc/testModel.php HTTP/1.1" 500 185 "http://localhost/tr-Php-mvc/" "Mozilla/5.0 (X11; Linux x86_64) AppleWebKit/537.36 (KHTML, like Gecko) Chrome/97.0.4692.99 Safari/537.36"
::1 - - [08/Feb/2022:14:25:07 -0400] "GET /tr-Php-mvc/testModel.php HTTP/1.1" 500 185 "http://localhost/tr-Php-mvc/" "Mozilla/5.0 (X11; Linux x86_64) AppleWebKit/537.36 (KHTML, like Gecko) Chrome/97.0.4692.99 Safari/537.36"
::1 - - [08/Feb/2022:14:25:08 -0400] "GET /tr-Php-mvc/testModel.php HTTP/1.1" 500 185 "http://localhost/tr-Php-mvc/" "Mozilla/5.0 (X11; Linux x86_64) AppleWebKit/537.36 (KHTML, like Gecko) Chrome/97.0.4692.99 Safari/537.36"
::1 - - [08/Feb/2022:14:26:00 -0400] "-" 408 0 "-" "-"
::1 - - [08/Feb/2022:14:29:12 -0400] "GET /tr-Php-mvc/testModel.php HTTP/1.1" 500 185 "http://localhost/tr-Php-mvc/" "Mozilla/5.0 (X11; Linux x86_64) AppleWebKit/537.36 (KHTML, like Gecko) Chrome/97.0.4692.99 Safari/537.36"
::1 - - [08/Feb/2022:14:30:02 -0400] "-" 408 0 "-" "-"
::1 - - [08/Feb/2022:14:40:05 -0400] "GET /tr-Php-mvc/testModel.php HTTP/1.1" 500 185 "http://localhost/tr-Php-mvc/" "Mozilla/5.0 (X11; Linux x86_64) AppleWebKit/537.36 (KHTML, like Gecko) Chrome/97.0.4692.99 Safari/537.36"
::1 - - [08/Feb/2022:14:40:21 -0400] "GET /tr-Php-mvc/testModel.php HTTP/1.1" 500 185 "http://localhost/tr-Php-mvc/" "Mozilla/5.0 (X11; Linux x86_64) AppleWebKit/537.36 (KHTML, like Gecko) Chrome/97.0.4692.99 Safari/537.36"
::1 - - [08/Feb/2022:14:40:36 -0400] "GET /tr-Php-mvc/testModel.php HTTP/1.1" 500 185 "http://localhost/tr-Php-mvc/" "Mozilla/5.0 (X11; Linux x86_64) AppleWebKit/537.36 (KHTML, like Gecko) Chrome/97.0.4692.99 Safari/537.36"
::1 - - [08/Feb/2022:14:41:23 -0400] "GET /tr-Php-mvc/testModel.php HTTP/1.1" 500 185 "http://localhost/tr-Php-mvc/" "Mozilla/5.0 (X11; Linux x86_64) AppleWebKit/537.36 (KHTML, like Gecko) Chrome/97.0.4692.99 Safari/537.36"
::1 - - [08/Feb/2022:14:41:28 -0400] "GET /tr-Php-mvc/testModel.php HTTP/1.1" 500 185 "http://localhost/tr-Php-mvc/" "Mozilla/5.0 (X11; Linux x86_64) AppleWebKit/537.36 (KHTML, like Gecko) Chrome/97.0.4692.99 Safari/537.36"
::1 - - [08/Feb/2022:14:42:08 -0400] "GET /tr-Php-mvc/testModel.php HTTP/1.1" 500 185 "http://localhost/tr-Php-mvc/" "Mozilla/5.0 (X11; Linux x86_64) AppleWebKit/537.36 (KHTML, like Gecko) Chrome/97.0.4692.99 Safari/537.36"
::1 - - [08/Feb/2022:14:42:09 -0400] "GET /tr-Php-mvc/testModel.php HTTP/1.1" 500 185 "http://localhost/tr-Php-mvc/" "Mozilla/5.0 (X11; Linux x86_64) AppleWebKit/537.36 (KHTML, like Gecko) Chrome/97.0.4692.99 Safari/537.36"
::1 - - [08/Feb/2022:14:42:31 -0400] "GET /tr-Php-mvc/testModel.php HTTP/1.1" 500 185 "http://localhost/tr-Php-mvc/" "Mozilla/5.0 (X11; Linux x86_64) AppleWebKit/537.36 (KHTML, like Gecko) Chrome/97.0.4692.99 Safari/537.36"
::1 - - [08/Feb/2022:14:42:33 -0400] "GET /tr-Php-mvc/testModel.php HTTP/1.1" 500 185 "http://localhost/tr-Php-mvc/" "Mozilla/5.0 (X11; Linux x86_64) AppleWebKit/537.36 (KHTML, like Gecko) Chrome/97.0.4692.99 Safari/537.36"
::1 - - [08/Feb/2022:14:43:08 -0400] "GET /tr-Php-mvc/testModel.php HTTP/1.1" 500 185 "http://localhost/tr-Php-mvc/" "Mozilla/5.0 (X11; Linux x86_64) AppleWebKit/537.36 (KHTML, like Gecko) Chrome/97.0.4692.99 Safari/537.36"
::1 - - [08/Feb/2022:14:43:09 -0400] "GET /tr-Php-mvc/testModel.php HTTP/1.1" 500 185 "http://localhost/tr-Php-mvc/" "Mozilla/5.0 (X11; Linux x86_64) AppleWebKit/537.36 (KHTML, like Gecko) Chrome/97.0.4692.99 Safari/537.36"
::1 - - [08/Feb/2022:14:43:10 -0400] "GET /tr-Php-mvc/testModel.php HTTP/1.1" 500 185 "http://localhost/tr-Php-mvc/" "Mozilla/5.0 (X11; Linux x86_64) AppleWebKit/537.36 (KHTML, like Gecko) Chrome/97.0.4692.99 Safari/537.36"
::1 - - [08/Feb/2022:14:43:10 -0400] "GET /tr-Php-mvc/testModel.php HTTP/1.1" 500 185 "http://localhost/tr-Php-mvc/" "Mozilla/5.0 (X11; Linux x86_64) AppleWebKit/537.36 (KHTML, like Gecko) Chrome/97.0.4692.99 Safari/537.36"
::1 - - [08/Feb/2022:14:43:11 -0400] "GET /tr-Php-mvc/testModel.php HTTP/1.1" 500 185 "http://localhost/tr-Php-mvc/" "Mozilla/5.0 (X11; Linux x86_64) AppleWebKit/537.36 (KHTML, like Gecko) Chrome/97.0.4692.99 Safari/537.36"
::1 - - [08/Feb/2022:14:43:20 -0400] "GET /tr-Php-mvc/testModel.php HTTP/1.1" 500 185 "http://localhost/tr-Php-mvc/" "Mozilla/5.0 (X11; Linux x86_64) AppleWebKit/537.36 (KHTML, like Gecko) Chrome/97.0.4692.99 Safari/537.36"
::1 - - [08/Feb/2022:14:43:21 -0400] "GET /tr-Php-mvc/testModel.php HTTP/1.1" 500 185 "http://localhost/tr-Php-mvc/" "Mozilla/5.0 (X11; Linux x86_64) AppleWebKit/537.36 (KHTML, like Gecko) Chrome/97.0.4692.99 Safari/537.36"
::1 - - [08/Feb/2022:14:43:21 -0400] "GET /tr-Php-mvc/testModel.php HTTP/1.1" 500 185 "http://localhost/tr-Php-mvc/" "Mozilla/5.0 (X11; Linux x86_64) AppleWebKit/537.36 (KHTML, like Gecko) Chrome/97.0.4692.99 Safari/537.36"
::1 - - [08/Feb/2022:14:43:35 -0400] "GET /tr-Php-mvc/testModel.php HTTP/1.1" 500 185 "http://localhost/tr-Php-mvc/" "Mozilla/5.0 (X11; Linux x86_64) AppleWebKit/537.36 (KHTML, like Gecko) Chrome/97.0.4692.99 Safari/537.36"
::1 - - [08/Feb/2022:14:43:35 -0400] "GET /tr-Php-mvc/testModel.php HTTP/1.1" 500 185 "http://localhost/tr-Php-mvc/" "Mozilla/5.0 (X11; Linux x86_64) AppleWebKit/537.36 (KHTML, like Gecko) Chrome/97.0.4692.99 Safari/537.36"
::1 - - [08/Feb/2022:14:43:36 -0400] "GET /tr-Php-mvc/testModel.php HTTP/1.1" 500 185 "http://localhost/tr-Php-mvc/" "Mozilla/5.0 (X11; Linux x86_64) AppleWebKit/537.36 (KHTML, like Gecko) Chrome/97.0.4692.99 Safari/537.36"
::1 - - [08/Feb/2022:14:43:36 -0400] "GET /tr-Php-mvc/testModel.php HTTP/1.1" 500 185 "http://localhost/tr-Php-mvc/" "Mozilla/5.0 (X11; Linux x86_64) AppleWebKit/537.36 (KHTML, like Gecko) Chrome/97.0.4692.99 Safari/537.36"
::1 - - [08/Feb/2022:14:43:36 -0400] "GET /tr-Php-mvc/testModel.php HTTP/1.1" 500 185 "http://localhost/tr-Php-mvc/" "Mozilla/5.0 (X11; Linux x86_64) AppleWebKit/537.36 (KHTML, like Gecko) Chrome/97.0.4692.99 Safari/537.36"
::1 - - [08/Feb/2022:14:44:27 -0400] "-" 408 0 "-" "-"
::1 - - [08/Feb/2022:14:48:40 -0400] "GET /tr-Php-mvc/testModel.php HTTP/1.1" 500 185 "http://localhost/tr-Php-mvc/" "Mozilla/5.0 (X11; Linux x86_64) AppleWebKit/537.36 (KHTML, like Gecko) Chrome/97.0.4692.99 Safari/537.36"
::1 - - [08/Feb/2022:14:48:49 -0400] "GET /tr-Php-mvc/testModel.php HTTP/1.1" 500 185 "http://localhost/tr-Php-mvc/" "Mozilla/5.0 (X11; Linux x86_64) AppleWebKit/537.36 (KHTML, like Gecko) Chrome/97.0.4692.99 Safari/537.36"
::1 - - [08/Feb/2022:14:49:20 -0400] "GET /tr-Php-mvc/testModel.php HTTP/1.1" 500 185 "http://localhost/tr-Php-mvc/" "Mozilla/5.0 (X11; Linux x86_64) AppleWebKit/537.36 (KHTML, like Gecko) Chrome/97.0.4692.99 Safari/537.36"
::1 - - [08/Feb/2022:14:49:22 -0400] "GET /tr-Php-mvc/testModel.php HTTP/1.1" 500 185 "http://localhost/tr-Php-mvc/" "Mozilla/5.0 (X11; Linux x86_64) AppleWebKit/537.36 (KHTML, like Gecko) Chrome/97.0.4692.99 Safari/537.36"
::1 - - [08/Feb/2022:14:49:36 -0400] "GET /tr-Php-mvc/testModel.php HTTP/1.1" 500 185 "http://localhost/tr-Php-mvc/" "Mozilla/5.0 (X11; Linux x86_64) AppleWebKit/537.36 (KHTML, like Gecko) Chrome/97.0.4692.99 Safari/537.36"
::1 - - [08/Feb/2022:14:49:37 -0400] "GET /tr-Php-mvc/testModel.php HTTP/1.1" 500 185 "http://localhost/tr-Php-mvc/" "Mozilla/5.0 (X11; Linux x86_64) AppleWebKit/537.36 (KHTML, like Gecko) Chrome/97.0.4692.99 Safari/537.36"
::1 - - [08/Feb/2022:14:50:28 -0400] "-" 408 0 "-" "-"
::1 - - [08/Feb/2022:14:50:37 -0400] "GET /tr-Php-mvc/testModel.php HTTP/1.1" 500 185 "http://localhost/tr-Php-mvc/" "Mozilla/5.0 (X11; Linux x86_64) AppleWebKit/537.36 (KHTML, like Gecko) Chrome/97.0.4692.99 Safari/537.36"
::1 - - [08/Feb/2022:14:50:38 -0400] "GET /tr-Php-mvc/testModel.php HTTP/1.1" 500 185 "http://localhost/tr-Php-mvc/" "Mozilla/5.0 (X11; Linux x86_64) AppleWebKit/537.36 (KHTML, like Gecko) Chrome/97.0.4692.99 Safari/537.36"
::1 - - [08/Feb/2022:14:50:38 -0400] "GET /tr-Php-mvc/testModel.php HTTP/1.1" 500 185 "http://localhost/tr-Php-mvc/" "Mozilla/5.0 (X11; Linux x86_64) AppleWebKit/537.36 (KHTML, like Gecko) Chrome/97.0.4692.99 Safari/537.36"
::1 - - [08/Feb/2022:14:50:38 -0400] "GET /tr-Php-mvc/testModel.php HTTP/1.1" 500 185 "http://localhost/tr-Php-mvc/" "Mozilla/5.0 (X11; Linux x86_64) AppleWebKit/537.36 (KHTML, like Gecko) Chrome/97.0.4692.99 Safari/537.36"
::1 - - [08/Feb/2022:14:50:50 -0400] "GET /tr-Php-mvc/testModel.php HTTP/1.1" 500 185 "http://localhost/tr-Php-mvc/" "Mozilla/5.0 (X11; Linux x86_64) AppleWebKit/537.36 (KHTML, like Gecko) Chrome/97.0.4692.99 Safari/537.36"
::1 - - [08/Feb/2022:14:50:57 -0400] "GET /tr-Php-mvc/testModel.php HTTP/1.1" 500 185 "http://localhost/tr-Php-mvc/" "Mozilla/5.0 (X11; Linux x86_64) AppleWebKit/537.36 (KHTML, like Gecko) Chrome/97.0.4692.99 Safari/537.36"
::1 - - [08/Feb/2022:14:50:59 -0400] "GET /tr-Php-mvc/testModel.php HTTP/1.1" 500 185 "http://localhost/tr-Php-mvc/" "Mozilla/5.0 (X11; Linux x86_64) AppleWebKit/537.36 (KHTML, like Gecko) Chrome/97.0.4692.99 Safari/537.36"
::1 - - [08/Feb/2022:14:51:04 -0400] "GET /tr-Php-mvc/testModel.php HTTP/1.1" 500 185 "http://localhost/tr-Php-mvc/" "Mozilla/5.0 (X11; Linux x86_64) AppleWebKit/537.36 (KHTML, like Gecko) Chrome/97.0.4692.99 Safari/537.36"
::1 - - [08/Feb/2022:14:51:55 -0400] "-" 408 0 "-" "-"
::1 - - [08/Feb/2022:14:52:46 -0400] "GET /tr-Php-mvc/testModel.php HTTP/1.1" 200 203 "http://localhost/tr-Php-mvc/" "Mozilla/5.0 (X11; Linux x86_64) AppleWebKit/537.36 (KHTML, like Gecko) Chrome/97.0.4692.99 Safari/537.36"
::1 - - [08/Feb/2022:14:52:47 -0400] "GET /tr-Php-mvc/testModel.php HTTP/1.1" 200 202 "http://localhost/tr-Php-mvc/" "Mozilla/5.0 (X11; Linux x86_64) AppleWebKit/537.36 (KHTML, like Gecko) Chrome/97.0.4692.99 Safari/537.36"
::1 - - [08/Feb/2022:14:53:04 -0400] "GET /tr-Php-mvc/testModel.php HTTP/1.1" 500 185 "http://localhost/tr-Php-mvc/" "Mozilla/5.0 (X11; Linux x86_64) AppleWebKit/537.36 (KHTML, like Gecko) Chrome/97.0.4692.99 Safari/537.36"
::1 - - [08/Feb/2022:14:53:13 -0400] "GET /tr-Php-mvc/testModel.php HTTP/1.1" 500 185 "http://localhost/tr-Php-mvc/" "Mozilla/5.0 (X11; Linux x86_64) AppleWebKit/537.36 (KHTML, like Gecko) Chrome/97.0.4692.99 Safari/537.36"
::1 - - [08/Feb/2022:14:53:14 -0400] "GET /tr-Php-mvc/testModel.php HTTP/1.1" 500 185 "http://localhost/tr-Php-mvc/" "Mozilla/5.0 (X11; Linux x86_64) AppleWebKit/537.36 (KHTML, like Gecko) Chrome/97.0.4692.99 Safari/537.36"
::1 - - [08/Feb/2022:14:53:26 -0400] "GET /tr-Php-mvc/testModel.php HTTP/1.1" 500 185 "http://localhost/tr-Php-mvc/" "Mozilla/5.0 (X11; Linux x86_64) AppleWebKit/537.36 (KHTML, like Gecko) Chrome/97.0.4692.99 Safari/537.36"
::1 - - [08/Feb/2022:14:53:27 -0400] "GET /tr-Php-mvc/testModel.php HTTP/1.1" 500 185 "http://localhost/tr-Php-mvc/" "Mozilla/5.0 (X11; Linux x86_64) AppleWebKit/537.36 (KHTML, like Gecko) Chrome/97.0.4692.99 Safari/537.36"
::1 - - [08/Feb/2022:14:53:27 -0400] "GET /tr-Php-mvc/testModel.php HTTP/1.1" 500 185 "http://localhost/tr-Php-mvc/" "Mozilla/5.0 (X11; Linux x86_64) AppleWebKit/537.36 (KHTML, like Gecko) Chrome/97.0.4692.99 Safari/537.36"
::1 - - [08/Feb/2022:14:53:29 -0400] "GET /tr-Php-mvc/testModel.php HTTP/1.1" 500 185 "http://localhost/tr-Php-mvc/" "Mozilla/5.0 (X11; Linux x86_64) AppleWebKit/537.36 (KHTML, like Gecko) Chrome/97.0.4692.99 Safari/537.36"
::1 - - [08/Feb/2022:14:54:20 -0400] "-" 408 0 "-" "-"
::1 - - [08/Feb/2022:14:54:28 -0400] "GET /tr-Php-mvc/testModel.php HTTP/1.1" 200 203 "http://localhost/tr-Php-mvc/" "Mozilla/5.0 (X11; Linux x86_64) AppleWebKit/537.36 (KHTML, like Gecko) Chrome/97.0.4692.99 Safari/537.36"
::1 - - [08/Feb/2022:14:54:54 -0400] "GET /tr-Php-mvc/testModel.php HTTP/1.1" 200 207 "http://localhost/tr-Php-mvc/" "Mozilla/5.0 (X11; Linux x86_64) AppleWebKit/537.36 (KHTML, like Gecko) Chrome/97.0.4692.99 Safari/537.36"
::1 - - [08/Feb/2022:14:55:13 -0400] "GET /tr-Php-mvc/testModel.php HTTP/1.1" 200 210 "http://localhost/tr-Php-mvc/" "Mozilla/5.0 (X11; Linux x86_64) AppleWebKit/537.36 (KHTML, like Gecko) Chrome/97.0.4692.99 Safari/537.36"
::1 - - [08/Feb/2022:14:55:14 -0400] "GET /tr-Php-mvc/testModel.php HTTP/1.1" 200 209 "http://localhost/tr-Php-mvc/" "Mozilla/5.0 (X11; Linux x86_64) AppleWebKit/537.36 (KHTML, like Gecko) Chrome/97.0.4692.99 Safari/537.36"
::1 - - [08/Feb/2022:14:55:14 -0400] "GET /tr-Php-mvc/testModel.php HTTP/1.1" 200 209 "http://localhost/tr-Php-mvc/" "Mozilla/5.0 (X11; Linux x86_64) AppleWebKit/537.36 (KHTML, like Gecko) Chrome/97.0.4692.99 Safari/537.36"
::1 - - [08/Feb/2022:14:55:14 -0400] "GET /tr-Php-mvc/testModel.php HTTP/1.1" 200 209 "http://localhost/tr-Php-mvc/" "Mozilla/5.0 (X11; Linux x86_64) AppleWebKit/537.36 (KHTML, like Gecko) Chrome/97.0.4692.99 Safari/537.36"
::1 - - [08/Feb/2022:14:55:32 -0400] "GET /tr-Php-mvc/testModel.php HTTP/1.1" 200 216 "http://localhost/tr-Php-mvc/" "Mozilla/5.0 (X11; Linux x86_64) AppleWebKit/537.36 (KHTML, like Gecko) Chrome/97.0.4692.99 Safari/537.36"
::1 - - [08/Feb/2022:14:55:47 -0400] "GET /tr-Php-mvc/testModel.php HTTP/1.1" 500 198 "http://localhost/tr-Php-mvc/" "Mozilla/5.0 (X11; Linux x86_64) AppleWebKit/537.36 (KHTML, like Gecko) Chrome/97.0.4692.99 Safari/537.36"
::1 - - [08/Feb/2022:14:55:48 -0400] "GET /tr-Php-mvc/testModel.php HTTP/1.1" 500 198 "http://localhost/tr-Php-mvc/" "Mozilla/5.0 (X11; Linux x86_64) AppleWebKit/537.36 (KHTML, like Gecko) Chrome/97.0.4692.99 Safari/537.36"
::1 - - [08/Feb/2022:14:55:48 -0400] "GET /tr-Php-mvc/testModel.php HTTP/1.1" 500 198 "http://localhost/tr-Php-mvc/" "Mozilla/5.0 (X11; Linux x86_64) AppleWebKit/537.36 (KHTML, like Gecko) Chrome/97.0.4692.99 Safari/537.36"
::1 - - [08/Feb/2022:14:55:48 -0400] "GET /tr-Php-mvc/testModel.php HTTP/1.1" 500 198 "http://localhost/tr-Php-mvc/" "Mozilla/5.0 (X11; Linux x86_64) AppleWebKit/537.36 (KHTML, like Gecko) Chrome/97.0.4692.99 Safari/537.36"
::1 - - [08/Feb/2022:14:55:48 -0400] "GET /tr-Php-mvc/testModel.php HTTP/1.1" 500 198 "http://localhost/tr-Php-mvc/" "Mozilla/5.0 (X11; Linux x86_64) AppleWebKit/537.36 (KHTML, like Gecko) Chrome/97.0.4692.99 Safari/537.36"
::1 - - [08/Feb/2022:14:55:49 -0400] "GET /tr-Php-mvc/testModel.php HTTP/1.1" 500 198 "http://localhost/tr-Php-mvc/" "Mozilla/5.0 (X11; Linux x86_64) AppleWebKit/537.36 (KHTML, like Gecko) Chrome/97.0.4692.99 Safari/537.36"
::1 - - [08/Feb/2022:14:55:49 -0400] "GET /tr-Php-mvc/testModel.php HTTP/1.1" 500 198 "http://localhost/tr-Php-mvc/" "Mozilla/5.0 (X11; Linux x86_64) AppleWebKit/537.36 (KHTML, like Gecko) Chrome/97.0.4692.99 Safari/537.36"
::1 - - [08/Feb/2022:14:55:49 -0400] "GET /tr-Php-mvc/testModel.php HTTP/1.1" 500 198 "http://localhost/tr-Php-mvc/" "Mozilla/5.0 (X11; Linux x86_64) AppleWebKit/537.36 (KHTML, like Gecko) Chrome/97.0.4692.99 Safari/537.36"
::1 - - [08/Feb/2022:14:55:52 -0400] "GET /tr-Php-mvc/testModel.php HTTP/1.1" 500 198 "http://localhost/tr-Php-mvc/" "Mozilla/5.0 (X11; Linux x86_64) AppleWebKit/537.36 (KHTML, like Gecko) Chrome/97.0.4692.99 Safari/537.36"
::1 - - [08/Feb/2022:14:55:53 -0400] "GET /tr-Php-mvc/testModel.php HTTP/1.1" 500 198 "http://localhost/tr-Php-mvc/" "Mozilla/5.0 (X11; Linux x86_64) AppleWebKit/537.36 (KHTML, like Gecko) Chrome/97.0.4692.99 Safari/537.36"
::1 - - [08/Feb/2022:14:55:55 -0400] "GET /tr-Php-mvc/testModel.php HTTP/1.1" 500 198 "http://localhost/tr-Php-mvc/" "Mozilla/5.0 (X11; Linux x86_64) AppleWebKit/537.36 (KHTML, like Gecko) Chrome/97.0.4692.99 Safari/537.36"
::1 - - [08/Feb/2022:14:56:46 -0400] "-" 408 0 "-" "-"
::1 - - [08/Feb/2022:14:57:51 -0400] "GET /tr-Php-mvc/testModel.php HTTP/1.1" 500 198 "http://localhost/tr-Php-mvc/" "Mozilla/5.0 (X11; Linux x86_64) AppleWebKit/537.36 (KHTML, like Gecko) Chrome/97.0.4692.99 Safari/537.36"
::1 - - [08/Feb/2022:14:57:51 -0400] "GET /tr-Php-mvc/testModel.php HTTP/1.1" 500 198 "http://localhost/tr-Php-mvc/" "Mozilla/5.0 (X11; Linux x86_64) AppleWebKit/537.36 (KHTML, like Gecko) Chrome/97.0.4692.99 Safari/537.36"
::1 - - [08/Feb/2022:14:57:51 -0400] "GET /tr-Php-mvc/testModel.php HTTP/1.1" 500 198 "http://localhost/tr-Php-mvc/" "Mozilla/5.0 (X11; Linux x86_64) AppleWebKit/537.36 (KHTML, like Gecko) Chrome/97.0.4692.99 Safari/537.36"
::1 - - [08/Feb/2022:14:57:52 -0400] "GET /tr-Php-mvc/testModel.php HTTP/1.1" 500 198 "http://localhost/tr-Php-mvc/" "Mozilla/5.0 (X11; Linux x86_64) AppleWebKit/537.36 (KHTML, like Gecko) Chrome/97.0.4692.99 Safari/537.36"
::1 - - [08/Feb/2022:14:57:52 -0400] "GET /tr-Php-mvc/testModel.php HTTP/1.1" 500 198 "http://localhost/tr-Php-mvc/" "Mozilla/5.0 (X11; Linux x86_64) AppleWebKit/537.36 (KHTML, like Gecko) Chrome/97.0.4692.99 Safari/537.36"
::1 - - [08/Feb/2022:14:57:52 -0400] "GET /tr-Php-mvc/testModel.php HTTP/1.1" 500 198 "http://localhost/tr-Php-mvc/" "Mozilla/5.0 (X11; Linux x86_64) AppleWebKit/537.36 (KHTML, like Gecko) Chrome/97.0.4692.99 Safari/537.36"
::1 - - [08/Feb/2022:14:57:52 -0400] "GET /tr-Php-mvc/testModel.php HTTP/1.1" 500 198 "http://localhost/tr-Php-mvc/" "Mozilla/5.0 (X11; Linux x86_64) AppleWebKit/537.36 (KHTML, like Gecko) Chrome/97.0.4692.99 Safari/537.36"
::1 - - [08/Feb/2022:14:57:52 -0400] "GET /tr-Php-mvc/testModel.php HTTP/1.1" 500 198 "http://localhost/tr-Php-mvc/" "Mozilla/5.0 (X11; Linux x86_64) AppleWebKit/537.36 (KHTML, like Gecko) Chrome/97.0.4692.99 Safari/537.36"
::1 - - [08/Feb/2022:14:57:55 -0400] "GET /tr-Php-mvc/testModel.php HTTP/1.1" 500 198 "http://localhost/tr-Php-mvc/" "Mozilla/5.0 (X11; Linux x86_64) AppleWebKit/537.36 (KHTML, like Gecko) Chrome/97.0.4692.99 Safari/537.36"
::1 - - [08/Feb/2022:14:58:46 -0400] "-" 408 0 "-" "-"
::1 - - [08/Feb/2022:14:58:47 -0400] "GET /tr-Php-mvc/testModel.php HTTP/1.1" 500 198 "http://localhost/tr-Php-mvc/" "Mozilla/5.0 (X11; Linux x86_64) AppleWebKit/537.36 (KHTML, like Gecko) Chrome/97.0.4692.99 Safari/537.36"
::1 - - [08/Feb/2022:14:58:48 -0400] "GET /tr-Php-mvc/testModel.php HTTP/1.1" 500 198 "http://localhost/tr-Php-mvc/" "Mozilla/5.0 (X11; Linux x86_64) AppleWebKit/537.36 (KHTML, like Gecko) Chrome/97.0.4692.99 Safari/537.36"
::1 - - [08/Feb/2022:14:58:48 -0400] "GET /tr-Php-mvc/testModel.php HTTP/1.1" 500 198 "http://localhost/tr-Php-mvc/" "Mozilla/5.0 (X11; Linux x86_64) AppleWebKit/537.36 (KHTML, like Gecko) Chrome/97.0.4692.99 Safari/537.36"
::1 - - [08/Feb/2022:14:58:48 -0400] "GET /tr-Php-mvc/testModel.php HTTP/1.1" 500 198 "http://localhost/tr-Php-mvc/" "Mozilla/5.0 (X11; Linux x86_64) AppleWebKit/537.36 (KHTML, like Gecko) Chrome/97.0.4692.99 Safari/537.36"
::1 - - [08/Feb/2022:14:59:39 -0400] "-" 408 0 "-" "-"
::1 - - [08/Feb/2022:14:59:59 -0400] "GET /tr-Php-mvc/testModel.php HTTP/1.1" 500 198 "http://localhost/tr-Php-mvc/" "Mozilla/5.0 (X11; Linux x86_64) AppleWebKit/537.36 (KHTML, like Gecko) Chrome/97.0.4692.99 Safari/537.36"
::1 - - [08/Feb/2022:14:59:59 -0400] "GET /tr-Php-mvc/testModel.php HTTP/1.1" 500 198 "http://localhost/tr-Php-mvc/" "Mozilla/5.0 (X11; Linux x86_64) AppleWebKit/537.36 (KHTML, like Gecko) Chrome/97.0.4692.99 Safari/537.36"
::1 - - [08/Feb/2022:15:00:00 -0400] "GET /tr-Php-mvc/testModel.php HTTP/1.1" 500 198 "http://localhost/tr-Php-mvc/" "Mozilla/5.0 (X11; Linux x86_64) AppleWebKit/537.36 (KHTML, like Gecko) Chrome/97.0.4692.99 Safari/537.36"
::1 - - [08/Feb/2022:15:00:00 -0400] "GET /tr-Php-mvc/testModel.php HTTP/1.1" 500 198 "http://localhost/tr-Php-mvc/" "Mozilla/5.0 (X11; Linux x86_64) AppleWebKit/537.36 (KHTML, like Gecko) Chrome/97.0.4692.99 Safari/537.36"
::1 - - [08/Feb/2022:15:00:01 -0400] "GET /tr-Php-mvc/testModel.php HTTP/1.1" 500 198 "http://localhost/tr-Php-mvc/" "Mozilla/5.0 (X11; Linux x86_64) AppleWebKit/537.36 (KHTML, like Gecko) Chrome/97.0.4692.99 Safari/537.36"
::1 - - [08/Feb/2022:15:00:52 -0400] "-" 408 0 "-" "-"
::1 - - [08/Feb/2022:15:01:10 -0400] "GET /tr-Php-mvc/testModel.php HTTP/1.1" 500 198 "http://localhost/tr-Php-mvc/" "Mozilla/5.0 (X11; Linux x86_64) AppleWebKit/537.36 (KHTML, like Gecko) Chrome/97.0.4692.99 Safari/537.36"
::1 - - [08/Feb/2022:15:01:10 -0400] "GET /tr-Php-mvc/testModel.php HTTP/1.1" 500 198 "http://localhost/tr-Php-mvc/" "Mozilla/5.0 (X11; Linux x86_64) AppleWebKit/537.36 (KHTML, like Gecko) Chrome/97.0.4692.99 Safari/537.36"
::1 - - [08/Feb/2022:15:01:10 -0400] "GET /tr-Php-mvc/testModel.php HTTP/1.1" 500 198 "http://localhost/tr-Php-mvc/" "Mozilla/5.0 (X11; Linux x86_64) AppleWebKit/537.36 (KHTML, like Gecko) Chrome/97.0.4692.99 Safari/537.36"
::1 - - [08/Feb/2022:15:01:10 -0400] "GET /tr-Php-mvc/testModel.php HTTP/1.1" 500 198 "http://localhost/tr-Php-mvc/" "Mozilla/5.0 (X11; Linux x86_64) AppleWebKit/537.36 (KHTML, like Gecko) Chrome/97.0.4692.99 Safari/537.36"
::1 - - [08/Feb/2022:15:01:37 -0400] "GET /tr-Php-mvc/testModel.php HTTP/1.1" 500 198 "http://localhost/tr-Php-mvc/" "Mozilla/5.0 (X11; Linux x86_64) AppleWebKit/537.36 (KHTML, like Gecko) Chrome/97.0.4692.99 Safari/537.36"
::1 - - [08/Feb/2022:15:01:38 -0400] "GET /tr-Php-mvc/testModel.php HTTP/1.1" 500 198 "http://localhost/tr-Php-mvc/" "Mozilla/5.0 (X11; Linux x86_64) AppleWebKit/537.36 (KHTML, like Gecko) Chrome/97.0.4692.99 Safari/537.36"
::1 - - [08/Feb/2022:15:02:30 -0400] "-" 408 0 "-" "-"
::1 - - [08/Feb/2022:15:10:47 -0400] "GET /tr-Php-mvc/testModel.php HTTP/1.1" 500 198 "http://localhost/tr-Php-mvc/" "Mozilla/5.0 (X11; Linux x86_64) AppleWebKit/537.36 (KHTML, like Gecko) Chrome/97.0.4692.99 Safari/537.36"
::1 - - [08/Feb/2022:15:10:48 -0400] "GET /tr-Php-mvc/testModel.php HTTP/1.1" 500 198 "http://localhost/tr-Php-mvc/" "Mozilla/5.0 (X11; Linux x86_64) AppleWebKit/537.36 (KHTML, like Gecko) Chrome/97.0.4692.99 Safari/537.36"
::1 - - [08/Feb/2022:15:10:52 -0400] "GET /tr-Php-mvc/testModel.php HTTP/1.1" 500 198 "http://localhost/tr-Php-mvc/" "Mozilla/5.0 (X11; Linux x86_64) AppleWebKit/537.36 (KHTML, like Gecko) Chrome/97.0.4692.99 Safari/537.36"
::1 - - [08/Feb/2022:15:11:44 -0400] "-" 408 0 "-" "-"
::1 - - [08/Feb/2022:15:13:57 -0400] "GET /tr-Php-mvc/testModel.php HTTP/1.1" 200 24085 "http://localhost/tr-Php-mvc/" "Mozilla/5.0 (X11; Linux x86_64) AppleWebKit/537.36 (KHTML, like Gecko) Chrome/97.0.4692.99 Safari/537.36"
::1 - - [08/Feb/2022:15:14:48 -0400] "-" 408 0 "-" "-"
::1 - - [08/Feb/2022:15:18:28 -0400] "GET /tr-Php-mvc/testModel.php HTTP/1.1" 200 24088 "http://localhost/tr-Php-mvc/" "Mozilla/5.0 (X11; Linux x86_64) AppleWebKit/537.36 (KHTML, like Gecko) Chrome/97.0.4692.99 Safari/537.36"
::1 - - [08/Feb/2022:15:18:48 -0400] "GET /tr-Php-mvc/testModel.php HTTP/1.1" 200 24030 "http://localhost/tr-Php-mvc/" "Mozilla/5.0 (X11; Linux x86_64) AppleWebKit/537.36 (KHTML, like Gecko) Chrome/97.0.4692.99 Safari/537.36"
::1 - - [08/Feb/2022:15:19:11 -0400] "GET /tr-Php-mvc/testModel.php HTTP/1.1" 500 198 "http://localhost/tr-Php-mvc/" "Mozilla/5.0 (X11; Linux x86_64) AppleWebKit/537.36 (KHTML, like Gecko) Chrome/97.0.4692.99 Safari/537.36"
::1 - - [08/Feb/2022:15:19:33 -0400] "GET /tr-Php-mvc/testModel.php HTTP/1.1" 500 198 "http://localhost/tr-Php-mvc/" "Mozilla/5.0 (X11; Linux x86_64) AppleWebKit/537.36 (KHTML, like Gecko) Chrome/97.0.4692.99 Safari/537.36"
::1 - - [08/Feb/2022:15:19:35 -0400] "GET /tr-Php-mvc/testModel.php HTTP/1.1" 500 198 "http://localhost/tr-Php-mvc/" "Mozilla/5.0 (X11; Linux x86_64) AppleWebKit/537.36 (KHTML, like Gecko) Chrome/97.0.4692.99 Safari/537.36"
::1 - - [08/Feb/2022:15:20:27 -0400] "-" 408 0 "-" "-"
::1 - - [08/Feb/2022:15:20:34 -0400] "GET /tr-Php-mvc/testModel.php HTTP/1.1" 500 198 "http://localhost/tr-Php-mvc/" "Mozilla/5.0 (X11; Linux x86_64) AppleWebKit/537.36 (KHTML, like Gecko) Chrome/97.0.4692.99 Safari/537.36"
::1 - - [08/Feb/2022:15:20:36 -0400] "GET /tr-Php-mvc/testModel.php HTTP/1.1" 500 198 "http://localhost/tr-Php-mvc/" "Mozilla/5.0 (X11; Linux x86_64) AppleWebKit/537.36 (KHTML, like Gecko) Chrome/97.0.4692.99 Safari/537.36"
::1 - - [08/Feb/2022:15:21:27 -0400] "-" 408 0 "-" "-"
::1 - - [08/Feb/2022:15:22:55 -0400] "GET /php/ HTTP/1.1" 200 1680 "http://localhost/" "Mozilla/5.0 (X11; Linux x86_64) AppleWebKit/537.36 (KHTML, like Gecko) Chrome/97.0.4692.99 Safari/537.36"
::1 - - [08/Feb/2022:15:23:03 -0400] "GET /php/website_1/ HTTP/1.1" 200 887 "http://localhost/php/" "Mozilla/5.0 (X11; Linux x86_64) AppleWebKit/537.36 (KHTML, like Gecko) Chrome/97.0.4692.99 Safari/537.36"
::1 - - [08/Feb/2022:15:23:09 -0400] "GET /php/website_1/boutique.php HTTP/1.1" 200 203 "http://localhost/php/website_1/" "Mozilla/5.0 (X11; Linux x86_64) AppleWebKit/537.36 (KHTML, like Gecko) Chrome/97.0.4692.99 Safari/537.36"
::1 - - [08/Feb/2022:15:23:13 -0400] "GET /php/website_1/connexion.php HTTP/1.1" 200 909 "http://localhost/php/website_1/" "Mozilla/5.0 (X11; Linux x86_64) AppleWebKit/537.36 (KHTML, like Gecko) Chrome/97.0.4692.99 Safari/537.36"
::1 - - [08/Feb/2022:15:23:19 -0400] "POST /php/website_1/connexion.php HTTP/1.1" 200 938 "http://localhost/php/website_1/connexion.php" "Mozilla/5.0 (X11; Linux x86_64) AppleWebKit/537.36 (KHTML, like Gecko) Chrome/97.0.4692.99 Safari/537.36"
::1 - - [08/Feb/2022:15:23:22 -0400] "GET /php/website_1/connexion.php HTTP/1.1" 200 851 "http://localhost/php/website_1/connexion.php" "Mozilla/5.0 (X11; Linux x86_64) AppleWebKit/537.36 (KHTML, like Gecko) Chrome/97.0.4692.99 Safari/537.36"
::1 - - [08/Feb/2022:15:23:23 -0400] "GET /php/website_1/boutique.php HTTP/1.1" 200 202 "http://localhost/php/website_1/connexion.php" "Mozilla/5.0 (X11; Linux x86_64) AppleWebKit/537.36 (KHTML, like Gecko) Chrome/97.0.4692.99 Safari/537.36"
::1 - - [08/Feb/2022:15:23:27 -0400] "GET /php/website_1/connexion.php HTTP/1.1" 200 851 "http://localhost/php/website_1/connexion.php" "Mozilla/5.0 (X11; Linux x86_64) AppleWebKit/537.36 (KHTML, like Gecko) Chrome/97.0.4692.99 Safari/537.36"
::1 - - [08/Feb/2022:15:24:10 -0400] "-" 408 0 "-" "-"
::1 - - [08/Feb/2022:15:24:41 -0400] "GET /php/website_1/connexion.php HTTP/1.1" 200 852 "http://localhost/php/website_1/" "Mozilla/5.0 (X11; Linux x86_64) AppleWebKit/537.36 (KHTML, like Gecko) Chrome/97.0.4692.99 Safari/537.36"
::1 - - [08/Feb/2022:15:24:46 -0400] "GET /php/ HTTP/1.1" 200 1679 "http://localhost/php/website_1/" "Mozilla/5.0 (X11; Linux x86_64) AppleWebKit/537.36 (KHTML, like Gecko) Chrome/97.0.4692.99 Safari/537.36"
::1 - - [08/Feb/2022:15:24:47 -0400] "GET / HTTP/1.1" 200 780 "http://localhost/php/" "Mozilla/5.0 (X11; Linux x86_64) AppleWebKit/537.36 (KHTML, like Gecko) Chrome/97.0.4692.99 Safari/537.36"
::1 - - [08/Feb/2022:15:24:49 -0400] "GET /tr-Php-mvc/ HTTP/1.1" 200 803 "http://localhost/" "Mozilla/5.0 (X11; Linux x86_64) AppleWebKit/537.36 (KHTML, like Gecko) Chrome/97.0.4692.99 Safari/537.36"
::1 - - [08/Feb/2022:15:24:52 -0400] "GET /tr-Php-mvc/testModel.php HTTP/1.1" 500 198 "http://localhost/tr-Php-mvc/" "Mozilla/5.0 (X11; Linux x86_64) AppleWebKit/537.36 (KHTML, like Gecko) Chrome/97.0.4692.99 Safari/537.36"
::1 - - [08/Feb/2022:15:25:32 -0400] "-" 408 0 "-" "-"
::1 - - [08/Feb/2022:15:25:32 -0400] "GET /tr-Php-mvc/testModel.php HTTP/1.1" 500 198 "http://localhost/tr-Php-mvc/" "Mozilla/5.0 (X11; Linux x86_64) AppleWebKit/537.36 (KHTML, like Gecko) Chrome/97.0.4692.99 Safari/537.36"
::1 - - [08/Feb/2022:15:25:47 -0400] "GET /tr-Php-mvc/testModel.php HTTP/1.1" 500 198 "http://localhost/tr-Php-mvc/" "Mozilla/5.0 (X11; Linux x86_64) AppleWebKit/537.36 (KHTML, like Gecko) Chrome/97.0.4692.99 Safari/537.36"
::1 - - [08/Feb/2022:15:26:22 -0400] "GET /tr-Php-mvc/testModel.php HTTP/1.1" 500 201 "http://localhost/tr-Php-mvc/" "Mozilla/5.0 (X11; Linux x86_64) AppleWebKit/537.36 (KHTML, like Gecko) Chrome/97.0.4692.99 Safari/537.36"
::1 - - [08/Feb/2022:15:27:13 -0400] "-" 408 0 "-" "-"
::1 - - [08/Feb/2022:15:27:44 -0400] "GET /tr-Php-mvc/testModel.php HTTP/1.1" 500 201 "http://localhost/tr-Php-mvc/" "Mozilla/5.0 (X11; Linux x86_64) AppleWebKit/537.36 (KHTML, like Gecko) Chrome/97.0.4692.99 Safari/537.36"
::1 - - [08/Feb/2022:15:27:45 -0400] "GET /tr-Php-mvc/testModel.php HTTP/1.1" 500 201 "http://localhost/tr-Php-mvc/" "Mozilla/5.0 (X11; Linux x86_64) AppleWebKit/537.36 (KHTML, like Gecko) Chrome/97.0.4692.99 Safari/537.36"
::1 - - [08/Feb/2022:15:27:46 -0400] "GET /tr-Php-mvc/testModel.php HTTP/1.1" 500 201 "http://localhost/tr-Php-mvc/" "Mozilla/5.0 (X11; Linux x86_64) AppleWebKit/537.36 (KHTML, like Gecko) Chrome/97.0.4692.99 Safari/537.36"
::1 - - [08/Feb/2022:15:28:37 -0400] "-" 408 0 "-" "-"
::1 - - [08/Feb/2022:15:29:01 -0400] "GET /tr-Php-mvc/testModel.php HTTP/1.1" 200 24184 "http://localhost/tr-Php-mvc/" "Mozilla/5.0 (X11; Linux x86_64) AppleWebKit/537.36 (KHTML, like Gecko) Chrome/97.0.4692.99 Safari/537.36"
::1 - - [08/Feb/2022:15:29:53 -0400] "-" 408 0 "-" "-"
::1 - - [08/Feb/2022:20:29:12 -0400] "GET / HTTP/1.1" 200 802 "-" "Mozilla/5.0 (X11; Linux x86_64) AppleWebKit/537.36 (KHTML, like Gecko) Chrome/97.0.4692.99 Safari/537.36"
::1 - - [08/Feb/2022:20:29:12 -0400] "GET /favicon.ico HTTP/1.1" 404 487 "http://localhost/" "Mozilla/5.0 (X11; Linux x86_64) AppleWebKit/537.36 (KHTML, like Gecko) Chrome/97.0.4692.99 Safari/537.36"
::1 - - [08/Feb/2022:20:29:14 -0400] "GET /tr-Php-poo/ HTTP/1.1" 200 202 "http://localhost/" "Mozilla/5.0 (X11; Linux x86_64) AppleWebKit/537.36 (KHTML, like Gecko) Chrome/97.0.4692.99 Safari/537.36"
::1 - - [08/Feb/2022:20:30:03 -0400] "-" 408 0 "-" "-"
